#
# A fatal error has been detected by the Java Runtime Environment:
#
#  Internal Error (sharedRuntime.cpp:531), pid=11511, tid=6403
#  Error: ShouldNotReachHere()
#
# JRE version: OpenJDK Runtime Environment (16.0+14) (build 16+14)
# Java VM: OpenJDK 64-Bit Server VM (16+14, mixed mode, tiered, compressed oops, g1 gc, bsd-aarch64)
# No core dump will be written. Core dumps have been disabled. To enable core dumping, try "ulimit -c unlimited" before starting Java again
#
# If you would like to submit a bug report, please visit:
#   https://bugreport.java.com/bugreport/crash.jsp
#

---------------  S U M M A R Y ------------

Command Line: /Users/ykmac/.vscode/extensions/salesforce.salesforce-vscode-slds-1.4.8/lsp-0.0.13-executable.jar --PORT=52400

Host: MacBookPro17,1 arm64 1 MHz, 8 cores, 8G, Darwin 20.5.0, macOS 11.4 (20F71)
Time: Thu May 12 08:46:23 2022 JST elapsed time: 0.338067 seconds (0d 0h 0m 0s)

---------------  T H R E A D  ---------------

Current thread (0x0000000142808c00):  JavaThread "main" [_thread_in_Java, id=6403, stack(0x000000016d04c000,0x000000016d24f000)]

Stack: [0x000000016d04c000,0x000000016d24f000],  sp=0x000000016d24d140,  free space=2052k
Native frames: (J=compiled Java code, A=aot compiled Java code, j=interpreted, Vv=VM code, C=native code)
V  [libjvm.dylib+0x9b4130]  VMError::report_and_die(int, char const*, char const*, char*, Thread*, unsigned char*, void*, void*, char const*, int, unsigned long)+0x46c
V  [libjvm.dylib+0x9b4884]  VMError::report_and_die(Thread*, void*, char const*, int, char const*, char const*, char*)+0x40
V  [libjvm.dylib+0x2ad690]  report_vm_error(char const*, int, char const*, char const*, ...)+0x5c
V  [libjvm.dylib+0x2ad864]  report_should_not_reach_here(char const*, int)+0x2c
V  [libjvm.dylib+0x818d4c]  SharedRuntime::raw_exception_handler_for_return_address(JavaThread*, unsigned char*)+0x178
V  [libjvm.dylib+0x818df0]  SharedRuntime::exception_handler_for_return_address(JavaThread*, unsigned char*)+0x28
v  ~StubRoutines::forward exception
j  java.lang.Class.forName(Ljava/lang/String;ZLjava/lang/ClassLoader;)Ljava/lang/Class;+43 java.base@16
j  org.apache.commons.logging.LogAdapter.isPresent(Ljava/lang/String;)Z+7
j  org.apache.commons.logging.LogAdapter.<clinit>()V+2
v  ~StubRoutines::call_stub
V  [libjvm.dylib+0x44ae78]  JavaCalls::call_helper(JavaValue*, methodHandle const&, JavaCallArguments*, Thread*)+0x30c
V  [libjvm.dylib+0x42c624]  InstanceKlass::call_class_initializer(Thread*)+0x1e8
V  [libjvm.dylib+0x42bd50]  InstanceKlass::initialize_impl(Thread*)+0x57c
V  [libjvm.dylib+0x65f490]  LinkResolver::resolve_static_call(CallInfo&, LinkInfo const&, bool, Thread*)+0x78
V  [libjvm.dylib+0x661468]  LinkResolver::resolve_invoke(CallInfo&, Handle, constantPoolHandle const&, int, Bytecodes::Code, Thread*)+0xac
V  [libjvm.dylib+0x444304]  InterpreterRuntime::resolve_invoke(JavaThread*, Bytecodes::Code)+0x284
V  [libjvm.dylib+0x444960]  InterpreterRuntime::resolve_from_cache(JavaThread*, Bytecodes::Code)+0x7c
j  org.apache.commons.logging.LogFactory.getLog(Ljava/lang/String;)Lorg/apache/commons/logging/Log;+1
j  org.apache.commons.logging.LogFactory.getLog(Ljava/lang/Class;)Lorg/apache/commons/logging/Log;+4
j  org.springframework.boot.SpringApplication.<clinit>()V+2
v  ~StubRoutines::call_stub
V  [libjvm.dylib+0x44ae78]  JavaCalls::call_helper(JavaValue*, methodHandle const&, JavaCallArguments*, Thread*)+0x30c
V  [libjvm.dylib+0x42c624]  InstanceKlass::call_class_initializer(Thread*)+0x1e8
V  [libjvm.dylib+0x42bd50]  InstanceKlass::initialize_impl(Thread*)+0x57c
V  [libjvm.dylib+0x65f490]  LinkResolver::resolve_static_call(CallInfo&, LinkInfo const&, bool, Thread*)+0x78
V  [libjvm.dylib+0x661468]  LinkResolver::resolve_invoke(CallInfo&, Handle, constantPoolHandle const&, int, Bytecodes::Code, Thread*)+0xac
V  [libjvm.dylib+0x444304]  InterpreterRuntime::resolve_invoke(JavaThread*, Bytecodes::Code)+0x284
V  [libjvm.dylib+0x444960]  InterpreterRuntime::resolve_from_cache(JavaThread*, Bytecodes::Code)+0x7c
j  com.salesforce.slds.lsp.ServerLauncher.main([Ljava/lang/String;)V+3
v  ~StubRoutines::call_stub
V  [libjvm.dylib+0x44ae78]  JavaCalls::call_helper(JavaValue*, methodHandle const&, JavaCallArguments*, Thread*)+0x30c
V  [libjvm.dylib+0x7f69a8]  invoke(InstanceKlass*, methodHandle const&, Handle, bool, objArrayHandle, BasicType, objArrayHandle, bool, Thread*)+0x914
V  [libjvm.dylib+0x7f601c]  Reflection::invoke_method(oopDesc*, Handle, objArrayHandle, Thread*)+0x150
V  [libjvm.dylib+0x4fda80]  JVM_InvokeMethod+0x358
j  jdk.internal.reflect.NativeMethodAccessorImpl.invoke0(Ljava/lang/reflect/Method;Ljava/lang/Object;[Ljava/lang/Object;)Ljava/lang/Object;+0 java.base@16
j  jdk.internal.reflect.NativeMethodAccessorImpl.invoke(Ljava/lang/Object;[Ljava/lang/Object;)Ljava/lang/Object;+113 java.base@16
j  jdk.internal.reflect.DelegatingMethodAccessorImpl.invoke(Ljava/lang/Object;[Ljava/lang/Object;)Ljava/lang/Object;+6 java.base@16
j  java.lang.reflect.Method.invoke(Ljava/lang/Object;[Ljava/lang/Object;)Ljava/lang/Object;+59 java.base@16
j  org.springframework.boot.loader.MainMethodRunner.run()V+43
j  org.springframework.boot.loader.Launcher.launch([Ljava/lang/String;Ljava/lang/String;Ljava/lang/ClassLoader;)V+14
j  org.springframework.boot.loader.Launcher.launch([Ljava/lang/String;)V+19
j  org.springframework.boot.loader.JarLauncher.main([Ljava/lang/String;)V+8
v  ~StubRoutines::call_stub
V  [libjvm.dylib+0x44ae78]  JavaCalls::call_helper(JavaValue*, methodHandle const&, JavaCallArguments*, Thread*)+0x30c
V  [libjvm.dylib+0x4ab9d0]  jni_invoke_static(JNIEnv_*, JavaValue*, _jobject*, JNICallType, _jmethodID*, JNI_ArgumentPusher*, Thread*)+0x120
V  [libjvm.dylib+0x4aede4]  jni_CallStaticVoidMethod+0x120
C  [libjli.dylib+0x5438]  JavaMain+0x9d4
C  [libjli.dylib+0x7794]  ThreadJavaMain+0xc
C  [libsystem_pthread.dylib+0x7878]  _pthread_start+0x140


---------------  P R O C E S S  ---------------

Threads class SMR info:
_java_thread_list=0x000000014275e1a0, length=10, elements={
0x0000000142808c00, 0x000000014400d600, 0x000000014400f800, 0x000000014400dc00,
0x000000014401a000, 0x000000014401a600, 0x000000014401ac00, 0x000000014401b200,
0x0000000132866400, 0x0000000143876800
}

Java Threads: ( => current thread )
=>0x0000000142808c00 JavaThread "main" [_thread_in_Java, id=6403, stack(0x000000016d04c000,0x000000016d24f000)]
  0x000000014400d600 JavaThread "Reference Handler" daemon [_thread_blocked, id=18179, stack(0x000000016dea0000,0x000000016e0a3000)]
  0x000000014400f800 JavaThread "Finalizer" daemon [_thread_blocked, id=16131, stack(0x000000016e0ac000,0x000000016e2af000)]
  0x000000014400dc00 JavaThread "Signal Dispatcher" daemon [_thread_blocked, id=42755, stack(0x000000016e3d0000,0x000000016e5d3000)]
  0x000000014401a000 JavaThread "Service Thread" daemon [_thread_blocked, id=22275, stack(0x000000016e5dc000,0x000000016e7df000)]
  0x000000014401a600 JavaThread "C2 CompilerThread0" daemon [_thread_in_native, id=22787, stack(0x000000016e7e8000,0x000000016e9eb000)]
  0x000000014401ac00 JavaThread "C1 CompilerThread0" daemon [_thread_blocked, id=42243, stack(0x000000016e9f4000,0x000000016ebf7000)]
  0x000000014401b200 JavaThread "Sweeper thread" daemon [_thread_blocked, id=41731, stack(0x000000016ec00000,0x000000016ee03000)]
  0x0000000132866400 JavaThread "Notification Thread" daemon [_thread_blocked, id=23555, stack(0x000000016ee0c000,0x000000016f00f000)]
  0x0000000143876800 JavaThread "Common-Cleaner" daemon [_thread_blocked, id=24323, stack(0x000000016f224000,0x000000016f427000)]

Other Threads:
  0x0000000143039b00 VMThread "VM Thread" [stack: 0x000000016dc94000,0x000000016de97000] [id=15107]
  0x0000000127005580 WatcherThread [stack: 0x000000016f018000,0x000000016f21b000] [id=23811]
  0x0000000132609270 GCTaskThread "GC Thread#0" [stack: 0x000000016d258000,0x000000016d45b000] [id=20483]
  0x000000013260a3c0 ConcurrentGCThread "G1 Main Marker" [stack: 0x000000016d464000,0x000000016d667000] [id=13059]
  0x000000013260b480 ConcurrentGCThread "G1 Conc#0" [stack: 0x000000016d670000,0x000000016d873000] [id=19715]
  0x000000014302be90 ConcurrentGCThread "G1 Refine#0" [stack: 0x000000016d87c000,0x000000016da7f000] [id=13827]
  0x000000014302cf50 ConcurrentGCThread "G1 Service" [stack: 0x000000016da88000,0x000000016dc8b000] [id=14083]

Threads with active compile tasks:
C2 CompilerThread0      352  274       4       org.springframework.boot.loader.jar.CentralDirectoryFileHeader::load (204 bytes)

VM state: not at safepoint (normal execution)

VM Mutex/Monitor currently owned by a thread: None

Heap address: 0x0000000740000000, size: 2048 MB, Compressed Oops mode: Zero based, Oop shift amount: 3
Compressed class space mapped at: 0x0000000300000000-0x0000000340000000, reserved size: 1073741824
Narrow klass base: 0x0000000000000000, Narrow klass shift: 3, Narrow klass range: 0x340000000

GC Precious Log:
 CPUs: 8 total, 8 available
 Memory: 8192M
 Large Page Support: Disabled
 NUMA Support: Disabled
 Compressed Oops: Enabled (Zero based)
 Heap Region Size: 1M
 Heap Min Capacity: 8M
 Heap Initial Capacity: 128M
 Heap Max Capacity: 2G
 Pre-touch: Disabled
 Parallel Workers: 8
 Concurrent Workers: 2
 Concurrent Refinement Workers: 8
 Periodic GC: Disabled

Heap:
 garbage-first heap   total 131072K, used 7168K [0x0000000740000000, 0x00000007c0000000)
  region size 1024K, 9 young (9216K), 0 survivors (0K)
 Metaspace       used 7584K, committed 7744K, reserved 1056768K
  class space    used 639K, committed 704K, reserved 1048576K

Heap Regions: E=young(eden), S=young(survivor), O=old, HS=humongous(starts), HC=humongous(continues), CS=collection set, F=free, OA=open archive, CA=closed archive, TAMS=top-at-mark-start (previous, next)
|   0|0x0000000740000000, 0x0000000740000000, 0x0000000740100000|  0%| F|  |TAMS 0x0000000740000000, 0x0000000740000000| Untracked 
|   1|0x0000000740100000, 0x0000000740100000, 0x0000000740200000|  0%| F|  |TAMS 0x0000000740100000, 0x0000000740100000| Untracked 
|   2|0x0000000740200000, 0x0000000740200000, 0x0000000740300000|  0%| F|  |TAMS 0x0000000740200000, 0x0000000740200000| Untracked 
|   3|0x0000000740300000, 0x0000000740300000, 0x0000000740400000|  0%| F|  |TAMS 0x0000000740300000, 0x0000000740300000| Untracked 
|   4|0x0000000740400000, 0x0000000740400000, 0x0000000740500000|  0%| F|  |TAMS 0x0000000740400000, 0x0000000740400000| Untracked 
|   5|0x0000000740500000, 0x0000000740500000, 0x0000000740600000|  0%| F|  |TAMS 0x0000000740500000, 0x0000000740500000| Untracked 
|   6|0x0000000740600000, 0x0000000740600000, 0x0000000740700000|  0%| F|  |TAMS 0x0000000740600000, 0x0000000740600000| Untracked 
|   7|0x0000000740700000, 0x0000000740700000, 0x0000000740800000|  0%| F|  |TAMS 0x0000000740700000, 0x0000000740700000| Untracked 
|   8|0x0000000740800000, 0x0000000740800000, 0x0000000740900000|  0%| F|  |TAMS 0x0000000740800000, 0x0000000740800000| Untracked 
|   9|0x0000000740900000, 0x0000000740900000, 0x0000000740a00000|  0%| F|  |TAMS 0x0000000740900000, 0x0000000740900000| Untracked 
|  10|0x0000000740a00000, 0x0000000740a00000, 0x0000000740b00000|  0%| F|  |TAMS 0x0000000740a00000, 0x0000000740a00000| Untracked 
|  11|0x0000000740b00000, 0x0000000740b00000, 0x0000000740c00000|  0%| F|  |TAMS 0x0000000740b00000, 0x0000000740b00000| Untracked 
|  12|0x0000000740c00000, 0x0000000740c00000, 0x0000000740d00000|  0%| F|  |TAMS 0x0000000740c00000, 0x0000000740c00000| Untracked 
|  13|0x0000000740d00000, 0x0000000740d00000, 0x0000000740e00000|  0%| F|  |TAMS 0x0000000740d00000, 0x0000000740d00000| Untracked 
|  14|0x0000000740e00000, 0x0000000740e00000, 0x0000000740f00000|  0%| F|  |TAMS 0x0000000740e00000, 0x0000000740e00000| Untracked 
|  15|0x0000000740f00000, 0x0000000740f00000, 0x0000000741000000|  0%| F|  |TAMS 0x0000000740f00000, 0x0000000740f00000| Untracked 
|  16|0x0000000741000000, 0x0000000741000000, 0x0000000741100000|  0%| F|  |TAMS 0x0000000741000000, 0x0000000741000000| Untracked 
|  17|0x0000000741100000, 0x0000000741100000, 0x0000000741200000|  0%| F|  |TAMS 0x0000000741100000, 0x0000000741100000| Untracked 
|  18|0x0000000741200000, 0x0000000741200000, 0x0000000741300000|  0%| F|  |TAMS 0x0000000741200000, 0x0000000741200000| Untracked 
|  19|0x0000000741300000, 0x0000000741300000, 0x0000000741400000|  0%| F|  |TAMS 0x0000000741300000, 0x0000000741300000| Untracked 
|  20|0x0000000741400000, 0x0000000741400000, 0x0000000741500000|  0%| F|  |TAMS 0x0000000741400000, 0x0000000741400000| Untracked 
|  21|0x0000000741500000, 0x0000000741500000, 0x0000000741600000|  0%| F|  |TAMS 0x0000000741500000, 0x0000000741500000| Untracked 
|  22|0x0000000741600000, 0x0000000741600000, 0x0000000741700000|  0%| F|  |TAMS 0x0000000741600000, 0x0000000741600000| Untracked 
|  23|0x0000000741700000, 0x0000000741700000, 0x0000000741800000|  0%| F|  |TAMS 0x0000000741700000, 0x0000000741700000| Untracked 
|  24|0x0000000741800000, 0x0000000741800000, 0x0000000741900000|  0%| F|  |TAMS 0x0000000741800000, 0x0000000741800000| Untracked 
|  25|0x0000000741900000, 0x0000000741900000, 0x0000000741a00000|  0%| F|  |TAMS 0x0000000741900000, 0x0000000741900000| Untracked 
|  26|0x0000000741a00000, 0x0000000741a00000, 0x0000000741b00000|  0%| F|  |TAMS 0x0000000741a00000, 0x0000000741a00000| Untracked 
|  27|0x0000000741b00000, 0x0000000741b00000, 0x0000000741c00000|  0%| F|  |TAMS 0x0000000741b00000, 0x0000000741b00000| Untracked 
|  28|0x0000000741c00000, 0x0000000741c00000, 0x0000000741d00000|  0%| F|  |TAMS 0x0000000741c00000, 0x0000000741c00000| Untracked 
|  29|0x0000000741d00000, 0x0000000741d00000, 0x0000000741e00000|  0%| F|  |TAMS 0x0000000741d00000, 0x0000000741d00000| Untracked 
|  30|0x0000000741e00000, 0x0000000741e00000, 0x0000000741f00000|  0%| F|  |TAMS 0x0000000741e00000, 0x0000000741e00000| Untracked 
|  31|0x0000000741f00000, 0x0000000741f00000, 0x0000000742000000|  0%| F|  |TAMS 0x0000000741f00000, 0x0000000741f00000| Untracked 
|  32|0x0000000742000000, 0x0000000742000000, 0x0000000742100000|  0%| F|  |TAMS 0x0000000742000000, 0x0000000742000000| Untracked 
|  33|0x0000000742100000, 0x0000000742100000, 0x0000000742200000|  0%| F|  |TAMS 0x0000000742100000, 0x0000000742100000| Untracked 
|  34|0x0000000742200000, 0x0000000742200000, 0x0000000742300000|  0%| F|  |TAMS 0x0000000742200000, 0x0000000742200000| Untracked 
|  35|0x0000000742300000, 0x0000000742300000, 0x0000000742400000|  0%| F|  |TAMS 0x0000000742300000, 0x0000000742300000| Untracked 
|  36|0x0000000742400000, 0x0000000742400000, 0x0000000742500000|  0%| F|  |TAMS 0x0000000742400000, 0x0000000742400000| Untracked 
|  37|0x0000000742500000, 0x0000000742500000, 0x0000000742600000|  0%| F|  |TAMS 0x0000000742500000, 0x0000000742500000| Untracked 
|  38|0x0000000742600000, 0x0000000742600000, 0x0000000742700000|  0%| F|  |TAMS 0x0000000742600000, 0x0000000742600000| Untracked 
|  39|0x0000000742700000, 0x0000000742700000, 0x0000000742800000|  0%| F|  |TAMS 0x0000000742700000, 0x0000000742700000| Untracked 
|  40|0x0000000742800000, 0x0000000742800000, 0x0000000742900000|  0%| F|  |TAMS 0x0000000742800000, 0x0000000742800000| Untracked 
|  41|0x0000000742900000, 0x0000000742900000, 0x0000000742a00000|  0%| F|  |TAMS 0x0000000742900000, 0x0000000742900000| Untracked 
|  42|0x0000000742a00000, 0x0000000742a00000, 0x0000000742b00000|  0%| F|  |TAMS 0x0000000742a00000, 0x0000000742a00000| Untracked 
|  43|0x0000000742b00000, 0x0000000742b00000, 0x0000000742c00000|  0%| F|  |TAMS 0x0000000742b00000, 0x0000000742b00000| Untracked 
|  44|0x0000000742c00000, 0x0000000742c00000, 0x0000000742d00000|  0%| F|  |TAMS 0x0000000742c00000, 0x0000000742c00000| Untracked 
|  45|0x0000000742d00000, 0x0000000742d00000, 0x0000000742e00000|  0%| F|  |TAMS 0x0000000742d00000, 0x0000000742d00000| Untracked 
|  46|0x0000000742e00000, 0x0000000742e00000, 0x0000000742f00000|  0%| F|  |TAMS 0x0000000742e00000, 0x0000000742e00000| Untracked 
|  47|0x0000000742f00000, 0x0000000742f00000, 0x0000000743000000|  0%| F|  |TAMS 0x0000000742f00000, 0x0000000742f00000| Untracked 
|  48|0x0000000743000000, 0x0000000743000000, 0x0000000743100000|  0%| F|  |TAMS 0x0000000743000000, 0x0000000743000000| Untracked 
|  49|0x0000000743100000, 0x0000000743100000, 0x0000000743200000|  0%| F|  |TAMS 0x0000000743100000, 0x0000000743100000| Untracked 
|  50|0x0000000743200000, 0x0000000743200000, 0x0000000743300000|  0%| F|  |TAMS 0x0000000743200000, 0x0000000743200000| Untracked 
|  51|0x0000000743300000, 0x0000000743300000, 0x0000000743400000|  0%| F|  |TAMS 0x0000000743300000, 0x0000000743300000| Untracked 
|  52|0x0000000743400000, 0x0000000743400000, 0x0000000743500000|  0%| F|  |TAMS 0x0000000743400000, 0x0000000743400000| Untracked 
|  53|0x0000000743500000, 0x0000000743500000, 0x0000000743600000|  0%| F|  |TAMS 0x0000000743500000, 0x0000000743500000| Untracked 
|  54|0x0000000743600000, 0x0000000743600000, 0x0000000743700000|  0%| F|  |TAMS 0x0000000743600000, 0x0000000743600000| Untracked 
|  55|0x0000000743700000, 0x0000000743700000, 0x0000000743800000|  0%| F|  |TAMS 0x0000000743700000, 0x0000000743700000| Untracked 
|  56|0x0000000743800000, 0x0000000743800000, 0x0000000743900000|  0%| F|  |TAMS 0x0000000743800000, 0x0000000743800000| Untracked 
|  57|0x0000000743900000, 0x0000000743900000, 0x0000000743a00000|  0%| F|  |TAMS 0x0000000743900000, 0x0000000743900000| Untracked 
|  58|0x0000000743a00000, 0x0000000743a00000, 0x0000000743b00000|  0%| F|  |TAMS 0x0000000743a00000, 0x0000000743a00000| Untracked 
|  59|0x0000000743b00000, 0x0000000743b00000, 0x0000000743c00000|  0%| F|  |TAMS 0x0000000743b00000, 0x0000000743b00000| Untracked 
|  60|0x0000000743c00000, 0x0000000743c00000, 0x0000000743d00000|  0%| F|  |TAMS 0x0000000743c00000, 0x0000000743c00000| Untracked 
|  61|0x0000000743d00000, 0x0000000743d00000, 0x0000000743e00000|  0%| F|  |TAMS 0x0000000743d00000, 0x0000000743d00000| Untracked 
|  62|0x0000000743e00000, 0x0000000743e00000, 0x0000000743f00000|  0%| F|  |TAMS 0x0000000743e00000, 0x0000000743e00000| Untracked 
|  63|0x0000000743f00000, 0x0000000743f00000, 0x0000000744000000|  0%| F|  |TAMS 0x0000000743f00000, 0x0000000743f00000| Untracked 
|  64|0x0000000744000000, 0x0000000744000000, 0x0000000744100000|  0%| F|  |TAMS 0x0000000744000000, 0x0000000744000000| Untracked 
|  65|0x0000000744100000, 0x0000000744100000, 0x0000000744200000|  0%| F|  |TAMS 0x0000000744100000, 0x0000000744100000| Untracked 
|  66|0x0000000744200000, 0x0000000744200000, 0x0000000744300000|  0%| F|  |TAMS 0x0000000744200000, 0x0000000744200000| Untracked 
|  67|0x0000000744300000, 0x0000000744300000, 0x0000000744400000|  0%| F|  |TAMS 0x0000000744300000, 0x0000000744300000| Untracked 
|  68|0x0000000744400000, 0x0000000744400000, 0x0000000744500000|  0%| F|  |TAMS 0x0000000744400000, 0x0000000744400000| Untracked 
|  69|0x0000000744500000, 0x0000000744500000, 0x0000000744600000|  0%| F|  |TAMS 0x0000000744500000, 0x0000000744500000| Untracked 
|  70|0x0000000744600000, 0x0000000744600000, 0x0000000744700000|  0%| F|  |TAMS 0x0000000744600000, 0x0000000744600000| Untracked 
|  71|0x0000000744700000, 0x0000000744700000, 0x0000000744800000|  0%| F|  |TAMS 0x0000000744700000, 0x0000000744700000| Untracked 
|  72|0x0000000744800000, 0x0000000744800000, 0x0000000744900000|  0%| F|  |TAMS 0x0000000744800000, 0x0000000744800000| Untracked 
|  73|0x0000000744900000, 0x0000000744900000, 0x0000000744a00000|  0%| F|  |TAMS 0x0000000744900000, 0x0000000744900000| Untracked 
|  74|0x0000000744a00000, 0x0000000744a00000, 0x0000000744b00000|  0%| F|  |TAMS 0x0000000744a00000, 0x0000000744a00000| Untracked 
|  75|0x0000000744b00000, 0x0000000744b00000, 0x0000000744c00000|  0%| F|  |TAMS 0x0000000744b00000, 0x0000000744b00000| Untracked 
|  76|0x0000000744c00000, 0x0000000744c00000, 0x0000000744d00000|  0%| F|  |TAMS 0x0000000744c00000, 0x0000000744c00000| Untracked 
|  77|0x0000000744d00000, 0x0000000744d00000, 0x0000000744e00000|  0%| F|  |TAMS 0x0000000744d00000, 0x0000000744d00000| Untracked 
|  78|0x0000000744e00000, 0x0000000744e00000, 0x0000000744f00000|  0%| F|  |TAMS 0x0000000744e00000, 0x0000000744e00000| Untracked 
|  79|0x0000000744f00000, 0x0000000744f00000, 0x0000000745000000|  0%| F|  |TAMS 0x0000000744f00000, 0x0000000744f00000| Untracked 
|  80|0x0000000745000000, 0x0000000745000000, 0x0000000745100000|  0%| F|  |TAMS 0x0000000745000000, 0x0000000745000000| Untracked 
|  81|0x0000000745100000, 0x0000000745100000, 0x0000000745200000|  0%| F|  |TAMS 0x0000000745100000, 0x0000000745100000| Untracked 
|  82|0x0000000745200000, 0x0000000745200000, 0x0000000745300000|  0%| F|  |TAMS 0x0000000745200000, 0x0000000745200000| Untracked 
|  83|0x0000000745300000, 0x0000000745300000, 0x0000000745400000|  0%| F|  |TAMS 0x0000000745300000, 0x0000000745300000| Untracked 
|  84|0x0000000745400000, 0x0000000745400000, 0x0000000745500000|  0%| F|  |TAMS 0x0000000745400000, 0x0000000745400000| Untracked 
|  85|0x0000000745500000, 0x0000000745500000, 0x0000000745600000|  0%| F|  |TAMS 0x0000000745500000, 0x0000000745500000| Untracked 
|  86|0x0000000745600000, 0x0000000745600000, 0x0000000745700000|  0%| F|  |TAMS 0x0000000745600000, 0x0000000745600000| Untracked 
|  87|0x0000000745700000, 0x0000000745700000, 0x0000000745800000|  0%| F|  |TAMS 0x0000000745700000, 0x0000000745700000| Untracked 
|  88|0x0000000745800000, 0x0000000745800000, 0x0000000745900000|  0%| F|  |TAMS 0x0000000745800000, 0x0000000745800000| Untracked 
|  89|0x0000000745900000, 0x0000000745900000, 0x0000000745a00000|  0%| F|  |TAMS 0x0000000745900000, 0x0000000745900000| Untracked 
|  90|0x0000000745a00000, 0x0000000745a00000, 0x0000000745b00000|  0%| F|  |TAMS 0x0000000745a00000, 0x0000000745a00000| Untracked 
|  91|0x0000000745b00000, 0x0000000745b00000, 0x0000000745c00000|  0%| F|  |TAMS 0x0000000745b00000, 0x0000000745b00000| Untracked 
|  92|0x0000000745c00000, 0x0000000745c00000, 0x0000000745d00000|  0%| F|  |TAMS 0x0000000745c00000, 0x0000000745c00000| Untracked 
|  93|0x0000000745d00000, 0x0000000745d00000, 0x0000000745e00000|  0%| F|  |TAMS 0x0000000745d00000, 0x0000000745d00000| Untracked 
|  94|0x0000000745e00000, 0x0000000745e00000, 0x0000000745f00000|  0%| F|  |TAMS 0x0000000745e00000, 0x0000000745e00000| Untracked 
|  95|0x0000000745f00000, 0x0000000745f00000, 0x0000000746000000|  0%| F|  |TAMS 0x0000000745f00000, 0x0000000745f00000| Untracked 
|  96|0x0000000746000000, 0x0000000746000000, 0x0000000746100000|  0%| F|  |TAMS 0x0000000746000000, 0x0000000746000000| Untracked 
|  97|0x0000000746100000, 0x0000000746100000, 0x0000000746200000|  0%| F|  |TAMS 0x0000000746100000, 0x0000000746100000| Untracked 
|  98|0x0000000746200000, 0x0000000746200000, 0x0000000746300000|  0%| F|  |TAMS 0x0000000746200000, 0x0000000746200000| Untracked 
|  99|0x0000000746300000, 0x0000000746300000, 0x0000000746400000|  0%| F|  |TAMS 0x0000000746300000, 0x0000000746300000| Untracked 
| 100|0x0000000746400000, 0x0000000746400000, 0x0000000746500000|  0%| F|  |TAMS 0x0000000746400000, 0x0000000746400000| Untracked 
| 101|0x0000000746500000, 0x0000000746500000, 0x0000000746600000|  0%| F|  |TAMS 0x0000000746500000, 0x0000000746500000| Untracked 
| 102|0x0000000746600000, 0x0000000746600000, 0x0000000746700000|  0%| F|  |TAMS 0x0000000746600000, 0x0000000746600000| Untracked 
| 103|0x0000000746700000, 0x0000000746700000, 0x0000000746800000|  0%| F|  |TAMS 0x0000000746700000, 0x0000000746700000| Untracked 
| 104|0x0000000746800000, 0x0000000746800000, 0x0000000746900000|  0%| F|  |TAMS 0x0000000746800000, 0x0000000746800000| Untracked 
| 105|0x0000000746900000, 0x0000000746900000, 0x0000000746a00000|  0%| F|  |TAMS 0x0000000746900000, 0x0000000746900000| Untracked 
| 106|0x0000000746a00000, 0x0000000746a00000, 0x0000000746b00000|  0%| F|  |TAMS 0x0000000746a00000, 0x0000000746a00000| Untracked 
| 107|0x0000000746b00000, 0x0000000746b00000, 0x0000000746c00000|  0%| F|  |TAMS 0x0000000746b00000, 0x0000000746b00000| Untracked 
| 108|0x0000000746c00000, 0x0000000746c00000, 0x0000000746d00000|  0%| F|  |TAMS 0x0000000746c00000, 0x0000000746c00000| Untracked 
| 109|0x0000000746d00000, 0x0000000746d00000, 0x0000000746e00000|  0%| F|  |TAMS 0x0000000746d00000, 0x0000000746d00000| Untracked 
| 110|0x0000000746e00000, 0x0000000746e00000, 0x0000000746f00000|  0%| F|  |TAMS 0x0000000746e00000, 0x0000000746e00000| Untracked 
| 111|0x0000000746f00000, 0x0000000746f00000, 0x0000000747000000|  0%| F|  |TAMS 0x0000000746f00000, 0x0000000746f00000| Untracked 
| 112|0x0000000747000000, 0x0000000747000000, 0x0000000747100000|  0%| F|  |TAMS 0x0000000747000000, 0x0000000747000000| Untracked 
| 113|0x0000000747100000, 0x0000000747100000, 0x0000000747200000|  0%| F|  |TAMS 0x0000000747100000, 0x0000000747100000| Untracked 
| 114|0x0000000747200000, 0x0000000747200000, 0x0000000747300000|  0%| F|  |TAMS 0x0000000747200000, 0x0000000747200000| Untracked 
| 115|0x0000000747300000, 0x0000000747300000, 0x0000000747400000|  0%| F|  |TAMS 0x0000000747300000, 0x0000000747300000| Untracked 
| 116|0x0000000747400000, 0x0000000747400000, 0x0000000747500000|  0%| F|  |TAMS 0x0000000747400000, 0x0000000747400000| Untracked 
| 117|0x0000000747500000, 0x0000000747500000, 0x0000000747600000|  0%| F|  |TAMS 0x0000000747500000, 0x0000000747500000| Untracked 
| 118|0x0000000747600000, 0x0000000747600000, 0x0000000747700000|  0%| F|  |TAMS 0x0000000747600000, 0x0000000747600000| Untracked 
| 119|0x0000000747700000, 0x00000007477ed040, 0x0000000747800000| 92%| E|  |TAMS 0x0000000747700000, 0x0000000747700000| Complete 
| 120|0x0000000747800000, 0x0000000747900000, 0x0000000747900000|100%| E|CS|TAMS 0x0000000747800000, 0x0000000747800000| Complete 
| 121|0x0000000747900000, 0x0000000747a00000, 0x0000000747a00000|100%| E|CS|TAMS 0x0000000747900000, 0x0000000747900000| Complete 
| 122|0x0000000747a00000, 0x0000000747b00000, 0x0000000747b00000|100%| E|CS|TAMS 0x0000000747a00000, 0x0000000747a00000| Complete 
| 123|0x0000000747b00000, 0x0000000747c00000, 0x0000000747c00000|100%| E|CS|TAMS 0x0000000747b00000, 0x0000000747b00000| Complete 
| 124|0x0000000747c00000, 0x0000000747d00000, 0x0000000747d00000|100%| E|  |TAMS 0x0000000747c00000, 0x0000000747c00000| Complete 
| 125|0x0000000747d00000, 0x0000000747e00000, 0x0000000747e00000|100%| E|CS|TAMS 0x0000000747d00000, 0x0000000747d00000| Complete 
| 126|0x0000000747e00000, 0x0000000747f00000, 0x0000000747f00000|100%| E|CS|TAMS 0x0000000747e00000, 0x0000000747e00000| Complete 
| 127|0x0000000747f00000, 0x0000000748000000, 0x0000000748000000|100%| E|CS|TAMS 0x0000000747f00000, 0x0000000747f00000| Complete 

Card table byte_map: [0x000000011fe58000,0x0000000120258000] _byte_map_base: 0x000000011c458000

Marking Bits (Prev, Next): (CMBitMap*) 0x0000000132824e10, (CMBitMap*) 0x0000000132824e50
 Prev Bits: [0x0000000120658000, 0x0000000122658000)
 Next Bits: [0x0000000122658000, 0x0000000124658000)

Polling page: 0x0000000102ecc000

Metaspace:

Usage:
  Non-class:      6.78 MB used.
      Class:    639.38 KB used.
       Both:      7.41 MB used.

Virtual space:
  Non-class space:        8.00 MB reserved,       6.88 MB ( 86%) committed,  1 nodes.
      Class space:        1.00 GB reserved,     704.00 KB ( <1%) committed,  1 nodes.
              Both:        1.01 GB reserved,       7.56 MB ( <1%) committed. 

Chunk freelists:
   Non-Class:  816.00 KB
       Class:  3.20 MB
        Both:  4.00 MB

MaxMetaspaceSize: 17179869184.00 GB
CompressedClassSpaceSize: 1.00 GB
 - commit_granule_bytes: 65536.
 - commit_granule_words: 8192.
 - virtual_space_node_default_size: 1048576.
 - enlarge_chunks_in_place: 1.
 - new_chunks_are_fully_committed: 0.
 - uncommit_free_chunks: 1.
 - use_allocation_guard: 0.
 - handle_deallocations: 1.


Internal statistics:

num_allocs_failed_limit: 0.
num_arena_births: 12.
num_arena_deaths: 0.
num_vsnodes_births: 2.
num_vsnodes_deaths: 0.
num_space_committed: 121.
num_space_uncommitted: 0.
num_chunks_returned_to_freelist: 0.
num_chunks_taken_from_freelist: 56.
num_chunk_merges: 0.
num_chunk_splits: 24.
num_chunks_enlarged: 15.
num_purges: 0.

CodeHeap 'non-profiled nmethods': size=120032Kb used=158Kb max_used=158Kb free=119874Kb
 bounds [0x0000000118920000, 0x0000000118b90000, 0x000000011fe58000]
CodeHeap 'profiled nmethods': size=120016Kb used=799Kb max_used=799Kb free=119217Kb
 bounds [0x00000001113ec000, 0x000000011165c000, 0x0000000118920000]
CodeHeap 'non-nmethods': size=5712Kb used=1065Kb max_used=1099Kb free=4646Kb
 bounds [0x0000000110e58000, 0x00000001110c8000, 0x00000001113ec000]
 total_blobs=834 nmethods=473 adapters=278
 compilation: enabled
              stopped_count=0, restarted_count=0
 full_count=0

Compilation events (20 events):
Event: 0.332 Thread 0x000000014401ac00 nmethod 464 0x00000001114af910 code [0x00000001114afac0, 0x00000001114afce8]
Event: 0.332 Thread 0x000000014401ac00  463       1       java.security.CodeSource::getLocation (5 bytes)
Event: 0.332 Thread 0x000000014401ac00 nmethod 463 0x0000000118945010 code [0x0000000118945180, 0x0000000118945268]
Event: 0.332 Thread 0x000000014401ac00  461       3       org.springframework.boot.loader.jar.JarFile::getEntry (9 bytes)
Event: 0.333 Thread 0x000000014401ac00 nmethod 461 0x00000001114afe10 code [0x00000001114b0000, 0x00000001114b0318]
Event: 0.334 Thread 0x000000014401a600 nmethod 456 0x0000000118945310 code [0x0000000118945480, 0x0000000118945630]
Event: 0.334 Thread 0x000000014401a600  465       4       java.lang.String::getBytes (44 bytes)
Event: 0.335 Thread 0x000000014401a600 nmethod 465 0x0000000118945710 code [0x00000001189458c0, 0x0000000118945a30]
Event: 0.335 Thread 0x000000014401a600  453       4       java.util.Arrays::copyOfRange (64 bytes)
Event: 0.335 Thread 0x000000014401ac00  466       3       java.lang.ClassLoader::getClassLoadingLock (35 bytes)
Event: 0.335 Thread 0x000000014401ac00 nmethod 466 0x00000001114b0490 code [0x00000001114b0680, 0x00000001114b09d8]
Event: 0.335 Thread 0x000000014401ac00  467       3       java.lang.ClassLoader::findLoadedClass (16 bytes)
Event: 0.335 Thread 0x000000014401ac00 nmethod 467 0x00000001114b0b90 code [0x00000001114b0d40, 0x00000001114b0f88]
Event: 0.335 Thread 0x000000014401ac00  469       3       org.springframework.boot.loader.jar.JarURLConnection::getJarFile (5 bytes)
Event: 0.335 Thread 0x000000014401ac00 nmethod 469 0x00000001114b1090 code [0x00000001114b1240, 0x00000001114b1458]
Event: 0.337 Thread 0x000000014401ac00  471       3       jdk.internal.ref.CleanerImpl::getCleanerImpl (13 bytes)
Event: 0.337 Thread 0x000000014401ac00 nmethod 471 0x00000001114b1590 code [0x00000001114b1740, 0x00000001114b1a58]
Event: 0.337 Thread 0x000000014401ac00  474       3       org.springframework.boot.loader.jar.JarURLConnection::connect (68 bytes)
Event: 0.337 Thread 0x000000014401a600 nmethod 453 0x0000000118945b90 code [0x0000000118945d40, 0x0000000118945fd0]
Event: 0.337 Thread 0x000000014401a600  476       4       org.springframework.boot.loader.jar.StringSequence::equals (81 bytes)

GC Heap History (0 events):
No events

Deoptimization events (20 events):
Event: 0.325 Thread 0x0000000142808c00 DEOPT PACKING pc=0x000000011145bed8 sp=0x000000016d249bf0
Event: 0.325 Thread 0x0000000142808c00 DEOPT UNPACKING pc=0x0000000110e91bfc sp=0x000000016d249950 mode 0
Event: 0.325 Thread 0x0000000142808c00 DEOPT PACKING pc=0x0000000111407860 sp=0x000000016d249c90
Event: 0.325 Thread 0x0000000142808c00 DEOPT UNPACKING pc=0x0000000110e91bfc sp=0x000000016d249a40 mode 0
Event: 0.325 Thread 0x0000000142808c00 DEOPT PACKING pc=0x000000011145bed8 sp=0x000000016d249bf0
Event: 0.325 Thread 0x0000000142808c00 DEOPT UNPACKING pc=0x0000000110e91bfc sp=0x000000016d249950 mode 0
Event: 0.326 Thread 0x0000000142808c00 DEOPT PACKING pc=0x0000000111407860 sp=0x000000016d249c90
Event: 0.326 Thread 0x0000000142808c00 DEOPT UNPACKING pc=0x0000000110e91bfc sp=0x000000016d249a40 mode 0
Event: 0.327 Thread 0x0000000142808c00 DEOPT PACKING pc=0x0000000111407860 sp=0x000000016d248300
Event: 0.327 Thread 0x0000000142808c00 DEOPT UNPACKING pc=0x0000000110e91bfc sp=0x000000016d2480b0 mode 0
Event: 0.329 Thread 0x0000000142808c00 DEOPT PACKING pc=0x0000000111404a04 sp=0x000000016d249e60
Event: 0.329 Thread 0x0000000142808c00 DEOPT UNPACKING pc=0x0000000110e91bfc sp=0x000000016d249b90 mode 0
Event: 0.330 Thread 0x0000000142808c00 DEOPT PACKING pc=0x0000000111402de4 sp=0x000000016d249d50
Event: 0.330 Thread 0x0000000142808c00 DEOPT UNPACKING pc=0x0000000110e91bfc sp=0x000000016d249b00 mode 0
Event: 0.332 Thread 0x0000000142808c00 DEOPT PACKING pc=0x0000000111402de4 sp=0x000000016d249dc0
Event: 0.332 Thread 0x0000000142808c00 DEOPT UNPACKING pc=0x0000000110e91bfc sp=0x000000016d249b50 mode 0
Event: 0.332 Thread 0x0000000142808c00 DEOPT PACKING pc=0x0000000111402de4 sp=0x000000016d249e70
Event: 0.332 Thread 0x0000000142808c00 DEOPT UNPACKING pc=0x0000000110e91bfc sp=0x000000016d249c00 mode 0
Event: 0.334 Thread 0x0000000142808c00 DEOPT PACKING pc=0x0000000111402de4 sp=0x000000016d249dc0
Event: 0.334 Thread 0x0000000142808c00 DEOPT UNPACKING pc=0x0000000110e91bfc sp=0x000000016d249b50 mode 0

Classes unloaded (0 events):
No events

Classes redefined (0 events):
No events

Internal exceptions (2 events):
Event: 0.205 Thread 0x0000000142808c00 Exception <a 'java/lang/NoSuchMethodError'{0x0000000747eda230}: 'int java.lang.invoke.DirectMethodHandle$Holder.invokeVirtual(java.lang.Object, java.lang.Object, java.lang.Object)'> (0x0000000747eda230) 
thrown [src/hotspot/share/interpreter/linkResolver.cpp, line 789]
Event: 0.243 Thread 0x0000000142808c00 Exception <a 'java/lang/NoSuchMethodError'{0x0000000747d5e168}: 'void java.lang.invoke.DirectMethodHandle$Holder.invokeSpecial(java.lang.Object, java.lang.Object, java.lang.Object)'> (0x0000000747d5e168) 
thrown [src/hotspot/share/interpreter/linkResolver.cpp, line 789]

Events (20 events):
Event: 0.287 loading class java/security/Security
Event: 0.287 loading class java/security/Security done
Event: 0.287 loading class java/security/Security$1
Event: 0.287 loading class java/security/Security$1 done
Event: 0.294 loading class java/util/Properties$LineReader
Event: 0.294 loading class java/util/Properties$LineReader done
Event: 0.296 loading class java/io/FilePermissionCollection
Event: 0.296 loading class java/io/FilePermissionCollection done
Event: 0.296 loading class java/util/Vector
Event: 0.297 loading class java/util/Vector done
Event: 0.297 loading class java/io/FilePermissionCollection$1
Event: 0.297 loading class java/io/FilePermissionCollection$1 done
Event: 0.307 loading class jdk/internal/loader/BootLoader$PackageHelper
Event: 0.307 loading class jdk/internal/loader/BootLoader$PackageHelper done
Event: 0.326 loading class java/util/EventObject
Event: 0.326 loading class java/util/EventObject done
Event: 0.331 loading class java/security/AccessControlException
Event: 0.331 loading class java/lang/SecurityException
Event: 0.331 loading class java/lang/SecurityException done
Event: 0.331 loading class java/security/AccessControlException done


Dynamic libraries:
0x0000000191e4d000 	/usr/lib/libz.1.dylib
0x0000000102e50000 	/opt/homebrew/Cellar/openjdk/15.0.2/libexec/openjdk.jdk/Contents/Home/lib/libjli.dylib
0x000000019c357000 	/System/Library/Frameworks/Cocoa.framework/Versions/A/Cocoa
0x000000018a29a000 	/System/Library/Frameworks/Security.framework/Versions/A/Security
0x000000019a6c5000 	/System/Library/Frameworks/ApplicationServices.framework/Versions/A/ApplicationServices
0x0000000191ef3000 	/usr/lib/libSystem.B.dylib
0x0000000191eed000 	/usr/lib/system/libcache.dylib
0x0000000191eac000 	/usr/lib/system/libcommonCrypto.dylib
0x0000000191ed6000 	/usr/lib/system/libcompiler_rt.dylib
0x0000000191ecd000 	/usr/lib/system/libcopyfile.dylib
0x0000000188210000 	/usr/lib/system/libcorecrypto.dylib
0x00000001882b0000 	/usr/lib/system/libdispatch.dylib
0x0000000188469000 	/usr/lib/system/libdyld.dylib
0x0000000191ee3000 	/usr/lib/system/libkeymgr.dylib
0x0000000195314000 	/usr/lib/system/liblaunch.dylib
0x0000000191e8e000 	/usr/lib/system/libmacho.dylib
0x0000000191700000 	/usr/lib/system/libquarantine.dylib
0x0000000191ee0000 	/usr/lib/system/libremovefile.dylib
0x000000018ccf6000 	/usr/lib/system/libsystem_asl.dylib
0x00000001881be000 	/usr/lib/system/libsystem_blocks.dylib
0x0000000188332000 	/usr/lib/system/libsystem_c.dylib
0x0000000191eda000 	/usr/lib/system/libsystem_collections.dylib
0x0000000190d3a000 	/usr/lib/system/libsystem_configuration.dylib
0x00000001900bd000 	/usr/lib/system/libsystem_containermanager.dylib
0x0000000191c63000 	/usr/lib/system/libsystem_coreservices.dylib
0x000000018a871000 	/usr/lib/system/libsystem_darwin.dylib
0x0000000191ee4000 	/usr/lib/system/libsystem_dnssd.dylib
0x000000018832f000 	/usr/lib/system/libsystem_featureflags.dylib
0x00000001884b2000 	/usr/lib/system/libsystem_info.dylib
0x0000000191e5f000 	/usr/lib/system/libsystem_m.dylib
0x0000000188284000 	/usr/lib/system/libsystem_malloc.dylib
0x000000018cc91000 	/usr/lib/system/libsystem_networkextension.dylib
0x000000018acb4000 	/usr/lib/system/libsystem_notify.dylib
0x00000001977c2000 	/usr/lib/system/libsystem_product_info_filter.dylib
0x0000000190d3f000 	/usr/lib/system/libsystem_sandbox.dylib
0x0000000191edd000 	/usr/lib/system/libsystem_secinit.dylib
0x0000000188428000 	/usr/lib/system/libsystem_kernel.dylib
0x00000001884ab000 	/usr/lib/system/libsystem_platform.dylib
0x000000018845c000 	/usr/lib/system/libsystem_pthread.dylib
0x000000018e263000 	/usr/lib/system/libsystem_symptoms.dylib
0x00000001881f8000 	/usr/lib/system/libsystem_trace.dylib
0x0000000191eba000 	/usr/lib/system/libunwind.dylib
0x00000001881c0000 	/usr/lib/system/libxpc.dylib
0x0000000188410000 	/usr/lib/libc++abi.dylib
0x00000001882f5000 	/usr/lib/libobjc.A.dylib
0x0000000191ec5000 	/usr/lib/liboah.dylib
0x00000001883b4000 	/usr/lib/libc++.1.dylib
0x00000001884de000 	/System/Library/Frameworks/CoreFoundation.framework/Versions/A/CoreFoundation
0x00000001892a5000 	/System/Library/Frameworks/Foundation.framework/Versions/C/Foundation
0x000000018ad0e000 	/System/Library/Frameworks/AppKit.framework/Versions/C/AppKit
0x000000018db2c000 	/System/Library/Frameworks/CoreData.framework/Versions/A/CoreData
0x000000018ba4e000 	/System/Library/PrivateFrameworks/UIFoundation.framework/Versions/A/UIFoundation
0x0000000197554000 	/System/Library/PrivateFrameworks/RemoteViewServices.framework/Versions/A/RemoteViewServices
0x000000019076e000 	/System/Library/PrivateFrameworks/XCTTargetBootstrap.framework/Versions/A/XCTTargetBootstrap
0x00000001930ad000 	/usr/lib/libspindump.dylib
0x000000018bc75000 	/System/Library/Frameworks/UniformTypeIdentifiers.framework/Versions/A/UniformTypeIdentifiers
0x000000018ed56000 	/usr/lib/libapp_launch_measurement.dylib
0x000000018ed59000 	/System/Library/PrivateFrameworks/CoreAutoLayout.framework/Versions/A/CoreAutoLayout
0x00000001900eb000 	/System/Library/Frameworks/Metal.framework/Versions/A/Metal
0x0000000190d4a000 	/usr/lib/liblangid.dylib
0x0000000190772000 	/System/Library/PrivateFrameworks/CoreSVG.framework/Versions/A/CoreSVG
0x000000018cd28000 	/System/Library/PrivateFrameworks/SkyLight.framework/Versions/A/SkyLight
0x000000018d093000 	/System/Library/Frameworks/CoreGraphics.framework/Versions/A/CoreGraphics
0x0000000197a74000 	/System/Library/Frameworks/Accelerate.framework/Versions/A/Accelerate
0x0000000192b07000 	/System/Library/PrivateFrameworks/IconServices.framework/Versions/A/IconServices
0x00000001900cf000 	/System/Library/Frameworks/IOSurface.framework/Versions/A/IOSurface
0x000000018e3fa000 	/usr/lib/libDiagnosticMessagesClient.dylib
0x0000000190756000 	/System/Library/PrivateFrameworks/DFRFoundation.framework/Versions/A/DFRFoundation
0x000000018a5ff000 	/usr/lib/libicucore.A.dylib
0x00000001945fe000 	/System/Library/Frameworks/AudioToolbox.framework/Versions/A/AudioToolbox
0x0000000193813000 	/System/Library/PrivateFrameworks/DataDetectorsCore.framework/Versions/A/DataDetectorsCore
0x000000018cca3000 	/usr/lib/libMobileGestalt.dylib
0x000000019044b000 	/System/Library/Frameworks/Carbon.framework/Versions/A/Frameworks/HIToolbox.framework/Versions/A/HIToolbox
0x000000018e7f5000 	/System/Library/Frameworks/QuartzCore.framework/Versions/A/QuartzCore
0x000000019758c000 	/System/Library/Frameworks/Carbon.framework/Versions/A/Frameworks/SpeechRecognition.framework/Versions/A/SpeechRecognition
0x000000018eaf4000 	/System/Library/PrivateFrameworks/CoreUI.framework/Versions/A/CoreUI
0x0000000189c7f000 	/System/Library/Frameworks/CoreAudio.framework/Versions/A/CoreAudio
0x000000018e4e3000 	/System/Library/Frameworks/DiskArbitration.framework/Versions/A/DiskArbitration
0x0000000193460000 	/System/Library/PrivateFrameworks/MultitouchSupport.framework/Versions/A/MultitouchSupport
0x000000019380a000 	/System/Library/PrivateFrameworks/InternationalSupport.framework/Versions/A/InternationalSupport
0x000000018cca1000 	/usr/lib/libenergytrace.dylib
0x000000018abe8000 	/System/Library/Frameworks/IOKit.framework/Versions/A/IOKit
0x00000001978b7000 	/System/Library/Frameworks/CoreServices.framework/Versions/A/CoreServices
0x000000018ecec000 	/System/Library/PrivateFrameworks/PerformanceAnalysis.framework/Versions/A/PerformanceAnalysis
0x00000001ca458000 	/System/Library/Frameworks/OpenGL.framework/Versions/A/OpenGL
0x0000000193888000 	/System/Library/PrivateFrameworks/UserActivity.framework/Versions/A/UserActivity
0x000000018d681000 	/System/Library/Frameworks/ColorSync.framework/Versions/A/ColorSync
0x00000001909bc000 	/System/Library/Frameworks/CoreImage.framework/Versions/A/CoreImage
0x0000000189aaf000 	/System/Library/Frameworks/CoreText.framework/Versions/A/CoreText
0x000000019079d000 	/System/Library/Frameworks/ImageIO.framework/Versions/A/ImageIO
0x0000000191ef9000 	/System/Library/PrivateFrameworks/SoftLinking.framework/Versions/A/SoftLinking
0x000000018ed9c000 	/usr/lib/libxml2.2.dylib
0x0000000192179000 	/usr/lib/libcompression.dylib
0x0000000193756000 	/System/Library/PrivateFrameworks/TextureIO.framework/Versions/A/TextureIO
0x0000000192864000 	/usr/lib/libate.dylib
0x00000001926ad000 	/usr/lib/liblzma.5.dylib
0x0000000188fba000 	/System/Library/Frameworks/SystemConfiguration.framework/Versions/A/SystemConfiguration
0x0000000191ef5000 	/usr/lib/libfakelink.dylib
0x000000018c808000 	/System/Library/Frameworks/CFNetwork.framework/Versions/A/CFNetwork
0x000000019203f000 	/usr/lib/libarchive.2.dylib
0x0000000189042000 	/usr/lib/libCRFSuite.dylib
0x000000019172a000 	/usr/lib/libbsm.0.dylib
0x000000018c0bf000 	/usr/lib/libnetwork.dylib
0x0000000191efa000 	/usr/lib/libpcap.A.dylib
0x000000018e25b000 	/usr/lib/libdns_services.dylib
0x00000001926c6000 	/usr/lib/libcoretls_cfhelpers.dylib
0x0000000192148000 	/usr/lib/libapple_nghttp2.dylib
0x0000000191e94000 	/usr/lib/system/libkxld.dylib
0x000000018deec000 	/usr/lib/libsqlite3.dylib
0x0000000191c46000 	/System/Library/PrivateFrameworks/AppleFSCompression.framework/Versions/A/AppleFSCompression
0x0000000191713000 	/usr/lib/libcoretls.dylib
0x0000000192174000 	/usr/lib/libpam.2.dylib
0x00000001927ad000 	/usr/lib/libxar.1.dylib
0x0000000190d46000 	/System/Library/PrivateFrameworks/AppleSystemInfo.framework/Versions/A/AppleSystemInfo
0x0000000191363000 	/System/Library/PrivateFrameworks/IOMobileFramebuffer.framework/Versions/A/IOMobileFramebuffer
0x0000000191c56000 	/usr/lib/libbz2.1.0.dylib
0x0000000191f36000 	/usr/lib/libiconv.2.dylib
0x0000000191e8d000 	/usr/lib/libcharset.1.dylib
0x000000018ed25000 	/System/Library/Frameworks/CoreServices.framework/Versions/A/Frameworks/FSEvents.framework/Versions/A/FSEvents
0x000000018a87c000 	/System/Library/Frameworks/CoreServices.framework/Versions/A/Frameworks/CarbonCore.framework/Versions/A/CarbonCore
0x000000018e449000 	/System/Library/Frameworks/CoreServices.framework/Versions/A/Frameworks/Metadata.framework/Versions/A/Metadata
0x0000000191c68000 	/System/Library/Frameworks/CoreServices.framework/Versions/A/Frameworks/OSServices.framework/Versions/A/OSServices
0x00000001920b0000 	/System/Library/Frameworks/CoreServices.framework/Versions/A/Frameworks/SearchKit.framework/Versions/A/SearchKit
0x000000018e1e7000 	/System/Library/Frameworks/CoreServices.framework/Versions/A/Frameworks/AE.framework/Versions/A/AE
0x000000018898d000 	/System/Library/Frameworks/CoreServices.framework/Versions/A/Frameworks/LaunchServices.framework/Versions/A/LaunchServices
0x000000019265a000 	/System/Library/Frameworks/CoreServices.framework/Versions/A/Frameworks/DictionaryServices.framework/Versions/A/DictionaryServices
0x000000018ed32000 	/System/Library/Frameworks/CoreServices.framework/Versions/A/Frameworks/SharedFileList.framework/Versions/A/SharedFileList
0x0000000191703000 	/usr/lib/libCheckFix.dylib
0x000000018cd0e000 	/System/Library/PrivateFrameworks/TCC.framework/Versions/A/TCC
0x0000000190d4c000 	/System/Library/PrivateFrameworks/CoreNLP.framework/Versions/A/CoreNLP
0x000000018e3fd000 	/System/Library/PrivateFrameworks/MetadataUtilities.framework/Versions/A/MetadataUtilities
0x0000000189076000 	/usr/lib/libmecabra.dylib
0x00000001919e9000 	/System/Library/Frameworks/MLCompute.framework/Versions/A/MLCompute
0x000000019173b000 	/usr/lib/libmecab.dylib
0x0000000191781000 	/usr/lib/libgermantok.dylib
0x0000000192121000 	/usr/lib/libThaiTokenizer.dylib
0x00000001927e9000 	/usr/lib/libChineseTokenizer.dylib
0x0000000192172000 	/System/Library/Frameworks/MetalPerformanceShaders.framework/Versions/A/MetalPerformanceShaders
0x000000018e4ea000 	/System/Library/Frameworks/Accelerate.framework/Versions/A/Frameworks/vImage.framework/Versions/A/vImage
0x0000000197895000 	/System/Library/Frameworks/Accelerate.framework/Versions/A/Frameworks/vecLib.framework/Versions/A/vecLib
0x00000001927f4000 	/System/Library/Frameworks/Accelerate.framework/Versions/A/Frameworks/vecLib.framework/Versions/A/libvMisc.dylib
0x00000001912a1000 	/System/Library/Frameworks/Accelerate.framework/Versions/A/Frameworks/vecLib.framework/Versions/A/libvDSP.dylib
0x0000000188ca0000 	/System/Library/Frameworks/Accelerate.framework/Versions/A/Frameworks/vecLib.framework/Versions/A/libBLAS.dylib
0x000000019219d000 	/System/Library/Frameworks/Accelerate.framework/Versions/A/Frameworks/vecLib.framework/Versions/A/libLAPACK.dylib
0x0000000191786000 	/System/Library/Frameworks/Accelerate.framework/Versions/A/Frameworks/vecLib.framework/Versions/A/libLinearAlgebra.dylib
0x000000019215f000 	/System/Library/Frameworks/Accelerate.framework/Versions/A/Frameworks/vecLib.framework/Versions/A/libSparseBLAS.dylib
0x0000000192198000 	/System/Library/Frameworks/Accelerate.framework/Versions/A/Frameworks/vecLib.framework/Versions/A/libQuadrature.dylib
0x0000000190de2000 	/System/Library/Frameworks/Accelerate.framework/Versions/A/Frameworks/vecLib.framework/Versions/A/libBNNS.dylib
0x0000000188f56000 	/System/Library/Frameworks/Accelerate.framework/Versions/A/Frameworks/vecLib.framework/Versions/A/libSparse.dylib
0x0000000190cd5000 	/System/Library/Frameworks/MetalPerformanceShaders.framework/Versions/A/Frameworks/MPSCore.framework/Versions/A/MPSCore
0x0000000191bbe000 	/System/Library/Frameworks/MetalPerformanceShaders.framework/Versions/A/Frameworks/MPSImage.framework/Versions/A/MPSImage
0x000000019179b000 	/System/Library/Frameworks/MetalPerformanceShaders.framework/Versions/A/Frameworks/MPSNeuralNetwork.framework/Versions/A/MPSNeuralNetwork
0x0000000191b3c000 	/System/Library/Frameworks/MetalPerformanceShaders.framework/Versions/A/Frameworks/MPSMatrix.framework/Versions/A/MPSMatrix
0x000000019199f000 	/System/Library/Frameworks/MetalPerformanceShaders.framework/Versions/A/Frameworks/MPSRayIntersector.framework/Versions/A/MPSRayIntersector
0x0000000191b6b000 	/System/Library/Frameworks/MetalPerformanceShaders.framework/Versions/A/Frameworks/MPSNDArray.framework/Versions/A/MPSNDArray
0x0000000188bc6000 	/System/Library/PrivateFrameworks/MetalTools.framework/Versions/A/MetalTools
0x0000000190d44000 	/System/Library/PrivateFrameworks/AggregateDictionary.framework/Versions/A/AggregateDictionary
0x000000018e3c7000 	/System/Library/PrivateFrameworks/CoreAnalytics.framework/Versions/A/CoreAnalytics
0x0000000192123000 	/System/Library/PrivateFrameworks/AppleSauce.framework/Versions/A/AppleSauce
0x00000001900e1000 	/System/Library/PrivateFrameworks/IOAccelerator.framework/Versions/A/IOAccelerator
0x00000001ca44b000 	/System/Library/Frameworks/OpenGL.framework/Versions/A/Libraries/libCoreFSCache.dylib
0x0000000189632000 	/System/Library/PrivateFrameworks/LanguageModeling.framework/Versions/A/LanguageModeling
0x0000000191350000 	/System/Library/PrivateFrameworks/CoreEmoji.framework/Versions/A/CoreEmoji
0x0000000190dda000 	/System/Library/PrivateFrameworks/LinguisticData.framework/Versions/A/LinguisticData
0x0000000188f0b000 	/System/Library/PrivateFrameworks/Lexicon.framework/Versions/A/Lexicon
0x000000019202c000 	/usr/lib/libcmph.dylib
0x000000018ed05000 	/System/Library/Frameworks/OpenDirectory.framework/Versions/A/Frameworks/CFOpenDirectory.framework/Versions/A/CFOpenDirectory
0x000000018ecf7000 	/System/Library/Frameworks/OpenDirectory.framework/Versions/A/OpenDirectory
0x00000001926c8000 	/System/Library/PrivateFrameworks/APFS.framework/Versions/A/APFS
0x000000019166c000 	/System/Library/Frameworks/SecurityFoundation.framework/Versions/A/SecurityFoundation
0x00000001927bb000 	/usr/lib/libutil.dylib
0x000000018abac000 	/System/Library/PrivateFrameworks/CoreServicesStore.framework/Versions/A/CoreServicesStore
0x00000001916fa000 	/System/Library/Frameworks/ServiceManagement.framework/Versions/A/ServiceManagement
0x00000001927bf000 	/usr/lib/libxslt.1.dylib
0x00000001916f0000 	/System/Library/PrivateFrameworks/BackgroundTaskManagement.framework/Versions/A/BackgroundTaskManagement
0x00000001936a5000 	/System/Library/Frameworks/ImageIO.framework/Versions/A/Resources/libRadiance.dylib
0x00000001936ae000 	/System/Library/Frameworks/ImageIO.framework/Versions/A/Resources/libJPEG.dylib
0x00000001935fd000 	/System/Library/Frameworks/ImageIO.framework/Versions/A/Resources/libPng.dylib
0x0000000193624000 	/System/Library/Frameworks/ImageIO.framework/Versions/A/Resources/libTIFF.dylib
0x00000001936ff000 	/System/Library/Frameworks/ImageIO.framework/Versions/A/Resources/libGIF.dylib
0x000000019337a000 	/System/Library/Frameworks/ImageIO.framework/Versions/A/Resources/libJP2.dylib
0x0000000192ad1000 	/usr/lib/libexpat.1.dylib
0x0000000193336000 	/System/Library/PrivateFrameworks/AppleJPEG.framework/Versions/A/AppleJPEG
0x00000001902f2000 	/System/Library/PrivateFrameworks/FontServices.framework/libFontParser.dylib
0x000000018e199000 	/System/Library/PrivateFrameworks/RunningBoardServices.framework/Versions/A/RunningBoardServices
0x000000019c886000 	/System/Library/PrivateFrameworks/IOSurfaceAccelerator.framework/Versions/A/IOSurfaceAccelerator
0x000000019345c000 	/System/Library/PrivateFrameworks/WatchdogClient.framework/Versions/A/WatchdogClient
0x0000000189722000 	/System/Library/Frameworks/CoreDisplay.framework/Versions/A/CoreDisplay
0x00000001901fa000 	/System/Library/Frameworks/CoreMedia.framework/Versions/A/CoreMedia
0x000000018ee89000 	/System/Library/Frameworks/CoreVideo.framework/Versions/A/CoreVideo
0x0000000193499000 	/System/Library/Frameworks/VideoToolbox.framework/Versions/A/VideoToolbox
0x000000018e116000 	/System/Library/PrivateFrameworks/BaseBoard.framework/Versions/A/BaseBoard
0x0000000192c0e000 	/System/Library/PrivateFrameworks/PersistentConnection.framework/Versions/A/PersistentConnection
0x000000018ded5000 	/System/Library/PrivateFrameworks/ProtocolBuffer.framework/Versions/A/ProtocolBuffer
0x000000018e0ff000 	/System/Library/PrivateFrameworks/CommonUtilities.framework/Versions/A/CommonUtilities
0x00000001932fb000 	/System/Library/PrivateFrameworks/Bom.framework/Versions/A/Bom
0x00000001936a0000 	/System/Library/PrivateFrameworks/GPUWrangler.framework/Versions/A/GPUWrangler
0x0000000193681000 	/System/Library/PrivateFrameworks/IOPresentment.framework/Versions/A/IOPresentment
0x00000001936a8000 	/System/Library/PrivateFrameworks/DSExternalDisplay.framework/Versions/A/DSExternalDisplay
0x0000000193704000 	/System/Library/PrivateFrameworks/CMCaptureCore.framework/Versions/A/CMCaptureCore
0x0000000193096000 	/System/Library/PrivateFrameworks/AppServerSupport.framework/Versions/A/AppServerSupport
0x00000001950ce000 	/System/Library/PrivateFrameworks/perfdata.framework/Versions/A/perfdata
0x000000019165c000 	/System/Library/PrivateFrameworks/AssertionServices.framework/Versions/A/AssertionServices
0x0000000189845000 	/System/Library/PrivateFrameworks/AudioToolboxCore.framework/Versions/A/AudioToolboxCore
0x00000001901da000 	/System/Library/PrivateFrameworks/caulk.framework/Versions/A/caulk
0x00000001a3e9c000 	/System/Library/PrivateFrameworks/SystemPolicy.framework/Versions/A/SystemPolicy
0x00000001928f6000 	/usr/lib/libIOReport.dylib
0x000000019496a000 	/usr/lib/libSMC.dylib
0x00000001935ca000 	/usr/lib/libAudioToolboxUtility.dylib
0x00000001a4821000 	/usr/lib/libmis.dylib
0x00000001ca4ad000 	/System/Library/Frameworks/OpenGL.framework/Versions/A/Libraries/libGLU.dylib
0x00000001ca46b000 	/System/Library/Frameworks/OpenGL.framework/Versions/A/Libraries/libGFXShared.dylib
0x00000001ca653000 	/System/Library/Frameworks/OpenGL.framework/Versions/A/Libraries/libGL.dylib
0x00000001ca474000 	/System/Library/Frameworks/OpenGL.framework/Versions/A/Libraries/libGLImage.dylib
0x00000001ca468000 	/System/Library/Frameworks/OpenGL.framework/Versions/A/Libraries/libCVMSPluginSupport.dylib
0x00000001ca452000 	/System/Library/Frameworks/OpenGL.framework/Versions/A/Libraries/libCoreVMClient.dylib
0x000000019b3ca000 	/System/Library/PrivateFrameworks/ASEProcessing.framework/Versions/A/ASEProcessing
0x0000000192c35000 	/System/Library/PrivateFrameworks/GraphVisualizer.framework/Versions/A/GraphVisualizer
0x0000000192c43000 	/System/Library/PrivateFrameworks/FaceCore.framework/Versions/A/FaceCore
0x0000000193056000 	/System/Library/PrivateFrameworks/OTSVG.framework/Versions/A/OTSVG
0x000000018eab2000 	/System/Library/Frameworks/ApplicationServices.framework/Versions/A/Frameworks/ATS.framework/Versions/A/Resources/libFontRegistry.dylib
0x000000019309e000 	/System/Library/PrivateFrameworks/FontServices.framework/libhvf.dylib
0x00000001ca7ee000 	/System/Library/Frameworks/OpenCL.framework/Versions/A/OpenCL
0x0000000192a85000 	/System/Library/PrivateFrameworks/AppleVA.framework/Versions/A/AppleVA
0x00000001947b6000 	/System/Library/Frameworks/ApplicationServices.framework/Versions/A/Frameworks/ATS.framework/Versions/A/ATS
0x0000000194ac9000 	/System/Library/Frameworks/ApplicationServices.framework/Versions/A/Frameworks/ColorSyncLegacy.framework/Versions/A/ColorSyncLegacy
0x000000018d777000 	/System/Library/Frameworks/ApplicationServices.framework/Versions/A/Frameworks/HIServices.framework/Versions/A/HIServices
0x0000000194aa8000 	/System/Library/Frameworks/ApplicationServices.framework/Versions/A/Frameworks/LangAnalysis.framework/Versions/A/LangAnalysis
0x000000019370e000 	/System/Library/Frameworks/ApplicationServices.framework/Versions/A/Frameworks/PrintCore.framework/Versions/A/PrintCore
0x0000000194ad1000 	/System/Library/Frameworks/ApplicationServices.framework/Versions/A/Frameworks/QD.framework/Versions/A/QD
0x00000001947a2000 	/System/Library/Frameworks/ApplicationServices.framework/Versions/A/Frameworks/SpeechSynthesis.framework/Versions/A/SpeechSynthesis
0x00000001936cf000 	/System/Library/Frameworks/ApplicationServices.framework/Versions/A/Frameworks/ATSUI.framework/Versions/A/ATSUI
0x0000000194a4a000 	/usr/lib/libcups.2.dylib
0x0000000194abc000 	/System/Library/PrivateFrameworks/NetAuth.framework/Versions/A/NetAuth
0x00000001950e8000 	/System/Library/Frameworks/Kerberos.framework/Versions/A/Kerberos
0x00000001950f9000 	/System/Library/Frameworks/GSS.framework/Versions/A/GSS
0x0000000194825000 	/usr/lib/libresolv.9.dylib
0x00000001930b4000 	/System/Library/PrivateFrameworks/Heimdal.framework/Versions/A/Heimdal
0x000000019a9b5000 	/System/Library/Frameworks/Kerberos.framework/Versions/A/Libraries/libHeimdalProxy.dylib
0x000000018e26b000 	/System/Library/Frameworks/Network.framework/Versions/A/Network
0x0000000192aeb000 	/usr/lib/libheimdal-asn1.dylib
0x0000000195141000 	/System/Library/PrivateFrameworks/CommonAuth.framework/Versions/A/CommonAuth
0x000000018eedd000 	/System/Library/PrivateFrameworks/login.framework/Versions/A/Frameworks/loginsupport.framework/Versions/A/loginsupport
0x0000000194727000 	/System/Library/PrivateFrameworks/AudioSession.framework/Versions/A/AudioSession
0x000000019478f000 	/usr/lib/libAudioStatistics.dylib
0x0000000192b6b000 	/System/Library/PrivateFrameworks/MediaExperience.framework/Versions/A/MediaExperience
0x00000001945c8000 	/System/Library/PrivateFrameworks/AudioSession.framework/libSessionUtility.dylib
0x00000001950da000 	/usr/lib/libperfcheck.dylib
0x0000000194add000 	/System/Library/PrivateFrameworks/AudioResourceArbitration.framework/Versions/A/AudioResourceArbitration
0x0000000192af4000 	/System/Library/PrivateFrameworks/IconFoundation.framework/Versions/A/IconFoundation
0x000000019757c000 	/System/Library/PrivateFrameworks/SpeechRecognitionCore.framework/Versions/A/SpeechRecognitionCore
0x00000001be929000 	/System/Library/CoreServices/Encodings/libJapaneseConverter.dylib
0x0000000107800000 	/opt/homebrew/Cellar/openjdk/15.0.2/libexec/openjdk.jdk/Contents/Home/lib/server/libjvm.dylib
0x0000000102eb8000 	/opt/homebrew/Cellar/openjdk/15.0.2/libexec/openjdk.jdk/Contents/Home/lib/libjimage.dylib
0x0000000102f1c000 	/opt/homebrew/Cellar/openjdk/15.0.2/libexec/openjdk.jdk/Contents/Home/lib/libjava.dylib
0x0000000102fd8000 	/opt/homebrew/Cellar/openjdk/15.0.2/libexec/openjdk.jdk/Contents/Home/lib/libnio.dylib
0x0000000126658000 	/opt/homebrew/Cellar/openjdk/15.0.2/libexec/openjdk.jdk/Contents/Home/lib/libnet.dylib
0x000000012667c000 	/opt/homebrew/Cellar/openjdk/15.0.2/libexec/openjdk.jdk/Contents/Home/lib/libzip.dylib


VM Arguments:
java_command: /Users/ykmac/.vscode/extensions/salesforce.salesforce-vscode-slds-1.4.8/lsp-0.0.13-executable.jar --PORT=52400
java_class_path (initial): /Users/ykmac/.vscode/extensions/salesforce.salesforce-vscode-slds-1.4.8/lsp-0.0.13-executable.jar
Launcher Type: SUN_STANDARD

[Global flags]
     intx CICompilerCount                          = 4                                         {product} {ergonomic}
     uint ConcGCThreads                            = 2                                         {product} {ergonomic}
     uint G1ConcRefinementThreads                  = 8                                         {product} {ergonomic}
   size_t G1HeapRegionSize                         = 1048576                                   {product} {ergonomic}
    uintx GCDrainStackTargetSize                   = 64                                        {product} {ergonomic}
   size_t InitialHeapSize                          = 134217728                                 {product} {ergonomic}
   size_t MarkStackSize                            = 4194304                                   {product} {ergonomic}
   size_t MaxHeapSize                              = 2147483648                                {product} {ergonomic}
   size_t MaxNewSize                               = 1287651328                                {product} {ergonomic}
   size_t MinHeapDeltaBytes                        = 1048576                                   {product} {ergonomic}
   size_t MinHeapSize                              = 8388608                                   {product} {ergonomic}
    uintx NonNMethodCodeHeapSize                   = 5839564                                {pd product} {ergonomic}
    uintx NonProfiledCodeHeapSize                  = 122909338                              {pd product} {ergonomic}
    uintx ProfiledCodeHeapSize                     = 122909338                              {pd product} {ergonomic}
    uintx ReservedCodeCacheSize                    = 251658240                              {pd product} {ergonomic}
     bool SegmentedCodeCache                       = true                                      {product} {ergonomic}
   size_t SoftMaxHeapSize                          = 2147483648                             {manageable} {ergonomic}
     bool UseCompressedClassPointers               = true                           {product lp64_product} {ergonomic}
     bool UseCompressedOops                        = true                           {product lp64_product} {ergonomic}
     bool UseG1GC                                  = true                                      {product} {ergonomic}
     bool UseNUMA                                  = false                                     {product} {ergonomic}
     bool UseNUMAInterleaving                      = false                                     {product} {ergonomic}

Logging:
Log output configuration:
 #0: stdout all=warning uptime,level,tags
 #1: stderr all=off uptime,level,tags

Environment Variables:
PATH=/Users/ykmac/opt/anaconda3/bin:/Users/ykmac/opt/anaconda3/condabin:/opt/homebrew/bin:/opt/homebrew/sbin:/usr/local/bin:/usr/bin:/bin:/usr/sbin:/sbin:/opt/homebrew/bin
SHELL=/bin/zsh

Signal Handlers:
SIGSEGV: [libjvm.dylib+0x9b5050], sa_mask[0]=11100110000111110111111111111111, sa_flags=SA_ONSTACK|SA_RESTART|SA_SIGINFO
SIGBUS: [libjvm.dylib+0x9b5050], sa_mask[0]=11100110000111110111111111111111, sa_flags=SA_RESTART|SA_SIGINFO
SIGFPE: [libjvm.dylib+0x9b5050], sa_mask[0]=11100110000111110111111111111111, sa_flags=SA_RESTART|SA_SIGINFO
SIGPIPE: [libjvm.dylib+0x89b5ec], sa_mask[0]=11100110000111110111111111111111, sa_flags=SA_RESTART|SA_SIGINFO
SIGXFSZ: [libjvm.dylib+0x89b5ec], sa_mask[0]=11100110000111110111111111111111, sa_flags=SA_RESTART|SA_SIGINFO
SIGILL: [libjvm.dylib+0x9b5050], sa_mask[0]=11100110000111110111111111111111, sa_flags=SA_RESTART|SA_SIGINFO
SIGUSR2: [libjvm.dylib+0x89c018], sa_mask[0]=00000000000000000000000000000000, sa_flags=SA_RESTART|SA_SIGINFO
SIGHUP: [libjvm.dylib+0x89a694], sa_mask[0]=11100110000111110111111111111111, sa_flags=SA_RESTART|SA_SIGINFO
SIGINT: [libjvm.dylib+0x89a694], sa_mask[0]=11100110000111110111111111111111, sa_flags=SA_RESTART|SA_SIGINFO
SIGTERM: [libjvm.dylib+0x89a694], sa_mask[0]=11100110000111110111111111111111, sa_flags=SA_RESTART|SA_SIGINFO
SIGQUIT: [libjvm.dylib+0x89a694], sa_mask[0]=11100110000111110111111111111111, sa_flags=SA_RESTART|SA_SIGINFO


---------------  S Y S T E M  ---------------

OS:uname: Darwin 20.5.0 Darwin Kernel Version 20.5.0: Sat May  8 05:10:31 PDT 2021; root:xnu-7195.121.3~9/RELEASE_ARM64_T8101 arm64
OS uptime: 6 days 16:52 hours
rlimit (soft/hard): STACK 8176k/65520k , CORE 0k/infinity , NPROC 1333/2000 , NOFILE 10240/infinity , AS infinity/infinity , CPU infinity/infinity , DATA infinity/infinity , FSIZE infinity/infinity , MEMLOCK infinity/infinity , RSS infinity/infinity
load average: 3.47 2.55 2.24

CPU: total 8 (initial active 8) 0x61:0x0:0x1b588bb3:0, simd, crc, lse

Memory: 16k page, physical 8388608k(224976k free), swap 4194304k(943104k free)

vm_info: OpenJDK 64-Bit Server VM (16+14) for bsd-aarch64 JRE (16+14), built on Mar  1 2021 20:26:25 by "brew" with clang Apple LLVM 12.0.0 (clang-1200.0.32.29)

END.
