#
# A fatal error has been detected by the Java Runtime Environment:
#
#  Internal Error (sharedRuntime.cpp:531), pid=5863, tid=6147
#  Error: ShouldNotReachHere()
#
# JRE version: OpenJDK Runtime Environment (16.0+14) (build 16+14)
# Java VM: OpenJDK 64-Bit Server VM (16+14, mixed mode, tiered, compressed oops, g1 gc, bsd-aarch64)
# No core dump will be written. Core dumps have been disabled. To enable core dumping, try "ulimit -c unlimited" before starting Java again
#
# If you would like to submit a bug report, please visit:
#   https://bugreport.java.com/bugreport/crash.jsp
#

---------------  S U M M A R Y ------------

Command Line: /Users/ykmac/.vscode/extensions/salesforce.salesforce-vscode-slds-1.4.8/lsp-0.0.13-executable.jar --PORT=52219

Host: MacBookPro17,1 arm64 1 MHz, 8 cores, 8G, Darwin 20.5.0, macOS 11.4 (20F71)
Time: Tue May 24 17:23:46 2022 JST elapsed time: 0.274396 seconds (0d 0h 0m 0s)

---------------  T H R E A D  ---------------

Current thread (0x000000015a00a000):  JavaThread "main" [_thread_in_Java, id=6147, stack(0x000000016bd98000,0x000000016bf9b000)]

Stack: [0x000000016bd98000,0x000000016bf9b000],  sp=0x000000016bf99140,  free space=2052k
Native frames: (J=compiled Java code, A=aot compiled Java code, j=interpreted, Vv=VM code, C=native code)
V  [libjvm.dylib+0x9b4130]  _ZN7VMError14report_and_dieEiPKcS1_PcP6ThreadPhPvS6_S1_im+0x46c
V  [libjvm.dylib+0x9b4884]  _ZN7VMError14report_and_dieEP6ThreadPvPKciS4_S4_Pc+0x40
V  [libjvm.dylib+0x2ad690]  _Z15report_vm_errorPKciS0_S0_z+0x5c
V  [libjvm.dylib+0x2ad864]  _Z28report_should_not_reach_herePKci+0x2c
V  [libjvm.dylib+0x818d4c]  _ZN13SharedRuntime40raw_exception_handler_for_return_addressEP10JavaThreadPh+0x178
V  [libjvm.dylib+0x818df0]  _ZN13SharedRuntime36exception_handler_for_return_addressEP10JavaThreadPh+0x28
v  ~StubRoutines::forward exception
j  java.lang.Class.forName(Ljava/lang/String;ZLjava/lang/ClassLoader;)Ljava/lang/Class;+43 java.base@16
j  org.apache.commons.logging.LogAdapter.isPresent(Ljava/lang/String;)Z+7
j  org.apache.commons.logging.LogAdapter.<clinit>()V+2
v  ~StubRoutines::call_stub
V  [libjvm.dylib+0x44ae78]  _ZN9JavaCalls11call_helperEP9JavaValueRK12methodHandleP17JavaCallArgumentsP6Thread+0x30c
V  [libjvm.dylib+0x42c624]  _ZN13InstanceKlass22call_class_initializerEP6Thread+0x1e8
V  [libjvm.dylib+0x42bd50]  _ZN13InstanceKlass15initialize_implEP6Thread+0x57c
V  [libjvm.dylib+0x65f490]  _ZN12LinkResolver19resolve_static_callER8CallInfoRK8LinkInfobP6Thread+0x78
V  [libjvm.dylib+0x661468]  _ZN12LinkResolver14resolve_invokeER8CallInfo6HandleRK18constantPoolHandleiN9Bytecodes4CodeEP6Thread+0xac
V  [libjvm.dylib+0x444304]  _ZN18InterpreterRuntime14resolve_invokeEP10JavaThreadN9Bytecodes4CodeE+0x284
V  [libjvm.dylib+0x444960]  _ZN18InterpreterRuntime18resolve_from_cacheEP10JavaThreadN9Bytecodes4CodeE+0x7c
j  org.apache.commons.logging.LogFactory.getLog(Ljava/lang/String;)Lorg/apache/commons/logging/Log;+1
j  org.apache.commons.logging.LogFactory.getLog(Ljava/lang/Class;)Lorg/apache/commons/logging/Log;+4
j  org.springframework.boot.SpringApplication.<clinit>()V+2
v  ~StubRoutines::call_stub
V  [libjvm.dylib+0x44ae78]  _ZN9JavaCalls11call_helperEP9JavaValueRK12methodHandleP17JavaCallArgumentsP6Thread+0x30c
V  [libjvm.dylib+0x42c624]  _ZN13InstanceKlass22call_class_initializerEP6Thread+0x1e8
V  [libjvm.dylib+0x42bd50]  _ZN13InstanceKlass15initialize_implEP6Thread+0x57c
V  [libjvm.dylib+0x65f490]  _ZN12LinkResolver19resolve_static_callER8CallInfoRK8LinkInfobP6Thread+0x78
V  [libjvm.dylib+0x661468]  _ZN12LinkResolver14resolve_invokeER8CallInfo6HandleRK18constantPoolHandleiN9Bytecodes4CodeEP6Thread+0xac
V  [libjvm.dylib+0x444304]  _ZN18InterpreterRuntime14resolve_invokeEP10JavaThreadN9Bytecodes4CodeE+0x284
V  [libjvm.dylib+0x444960]  _ZN18InterpreterRuntime18resolve_from_cacheEP10JavaThreadN9Bytecodes4CodeE+0x7c
j  com.salesforce.slds.lsp.ServerLauncher.main([Ljava/lang/String;)V+3
v  ~StubRoutines::call_stub
V  [libjvm.dylib+0x44ae78]  _ZN9JavaCalls11call_helperEP9JavaValueRK12methodHandleP17JavaCallArgumentsP6Thread+0x30c
V  [libjvm.dylib+0x7f69a8]  _ZL6invokeP13InstanceKlassRK12methodHandle6Handleb14objArrayHandle9BasicTypeS5_bP6Thread+0x914
V  [libjvm.dylib+0x7f601c]  _ZN10Reflection13invoke_methodEP7oopDesc6Handle14objArrayHandleP6Thread+0x150
V  [libjvm.dylib+0x4fda80]  JVM_InvokeMethod+0x358
j  jdk.internal.reflect.NativeMethodAccessorImpl.invoke0(Ljava/lang/reflect/Method;Ljava/lang/Object;[Ljava/lang/Object;)Ljava/lang/Object;+0 java.base@16
j  jdk.internal.reflect.NativeMethodAccessorImpl.invoke(Ljava/lang/Object;[Ljava/lang/Object;)Ljava/lang/Object;+113 java.base@16
j  jdk.internal.reflect.DelegatingMethodAccessorImpl.invoke(Ljava/lang/Object;[Ljava/lang/Object;)Ljava/lang/Object;+6 java.base@16
j  java.lang.reflect.Method.invoke(Ljava/lang/Object;[Ljava/lang/Object;)Ljava/lang/Object;+59 java.base@16
j  org.springframework.boot.loader.MainMethodRunner.run()V+43
j  org.springframework.boot.loader.Launcher.launch([Ljava/lang/String;Ljava/lang/String;Ljava/lang/ClassLoader;)V+14
j  org.springframework.boot.loader.Launcher.launch([Ljava/lang/String;)V+19
j  org.springframework.boot.loader.JarLauncher.main([Ljava/lang/String;)V+8
v  ~StubRoutines::call_stub
V  [libjvm.dylib+0x44ae78]  _ZN9JavaCalls11call_helperEP9JavaValueRK12methodHandleP17JavaCallArgumentsP6Thread+0x30c
V  [libjvm.dylib+0x4ab9d0]  _ZL17jni_invoke_staticP7JNIEnv_P9JavaValueP8_jobject11JNICallTypeP10_jmethodIDP18JNI_ArgumentPusherP6Thread+0x120
V  [libjvm.dylib+0x4aede4]  jni_CallStaticVoidMethod+0x120
C  [libjli.dylib+0x5438]  JavaMain+0x9d4
C  [libjli.dylib+0x7794]  ThreadJavaMain+0xc
C  [libsystem_pthread.dylib+0x7878]  _pthread_start+0x140


---------------  P R O C E S S  ---------------

Threads class SMR info:
_java_thread_list=0x000000015b02a330, length=10, elements={
0x000000015a00a000, 0x000000015b80b600, 0x000000015b825000, 0x000000014a079e00,
0x000000015a033c00, 0x000000014a079800, 0x000000014a076c00, 0x000000014a077200,
0x000000014a077800, 0x000000015a837800
}

Java Threads: ( => current thread )
=>0x000000015a00a000 JavaThread "main" [_thread_in_Java, id=6147, stack(0x000000016bd98000,0x000000016bf9b000)]
  0x000000015b80b600 JavaThread "Reference Handler" daemon [_thread_blocked, id=15619, stack(0x000000016cbec000,0x000000016cdef000)]
  0x000000015b825000 JavaThread "Finalizer" daemon [_thread_blocked, id=16131, stack(0x000000016cdf8000,0x000000016cffb000)]
  0x000000014a079e00 JavaThread "Signal Dispatcher" daemon [_thread_blocked, id=22531, stack(0x000000016d11c000,0x000000016d31f000)]
  0x000000015a033c00 JavaThread "Service Thread" daemon [_thread_blocked, id=42755, stack(0x000000016d328000,0x000000016d52b000)]
  0x000000014a079800 JavaThread "C2 CompilerThread0" daemon [_thread_blocked, id=42499, stack(0x000000016d534000,0x000000016d737000)]
  0x000000014a076c00 JavaThread "C1 CompilerThread0" daemon [_thread_blocked, id=23299, stack(0x000000016d740000,0x000000016d943000)]
  0x000000014a077200 JavaThread "Sweeper thread" daemon [_thread_blocked, id=42243, stack(0x000000016d94c000,0x000000016db4f000)]
  0x000000014a077800 JavaThread "Notification Thread" daemon [_thread_blocked, id=41731, stack(0x000000016db58000,0x000000016dd5b000)]
  0x000000015a837800 JavaThread "Common-Cleaner" daemon [_thread_blocked, id=24067, stack(0x000000016df70000,0x000000016e173000)]

Other Threads:
  0x000000015b118550 VMThread "VM Thread" [stack: 0x000000016c9e0000,0x000000016cbe3000] [id=18179]
  0x0000000159e54300 WatcherThread [stack: 0x000000016dd64000,0x000000016df67000] [id=23811]
  0x0000000159f11ff0 GCTaskThread "GC Thread#0" [stack: 0x000000016bfa4000,0x000000016c1a7000] [id=19971]
  0x000000015b107b50 ConcurrentGCThread "G1 Main Marker" [stack: 0x000000016c1b0000,0x000000016c3b3000] [id=19459]
  0x000000015b00c570 ConcurrentGCThread "G1 Conc#0" [stack: 0x000000016c3bc000,0x000000016c5bf000] [id=12547]
  0x0000000159e2aec0 ConcurrentGCThread "G1 Refine#0" [stack: 0x000000016c5c8000,0x000000016c7cb000] [id=13059]
  0x0000000159e2bf70 ConcurrentGCThread "G1 Service" [stack: 0x000000016c7d4000,0x000000016c9d7000] [id=13571]

Threads with active compile tasks:

VM state: not at safepoint (normal execution)

VM Mutex/Monitor currently owned by a thread: None

Heap address: 0x0000000740000000, size: 2048 MB, Compressed Oops mode: Zero based, Oop shift amount: 3
Compressed class space mapped at: 0x0000000300000000-0x0000000340000000, reserved size: 1073741824
Narrow klass base: 0x0000000000000000, Narrow klass shift: 3, Narrow klass range: 0x340000000

GC Precious Log:
 CPUs: 8 total, 8 available
 Memory: 8192M
 Large Page Support: Disabled
 NUMA Support: Disabled
 Compressed Oops: Enabled (Zero based)
 Heap Region Size: 1M
 Heap Min Capacity: 8M
 Heap Initial Capacity: 128M
 Heap Max Capacity: 2G
 Pre-touch: Disabled
 Parallel Workers: 8
 Concurrent Workers: 2
 Concurrent Refinement Workers: 8
 Periodic GC: Disabled

Heap:
 garbage-first heap   total 131072K, used 7168K [0x0000000740000000, 0x00000007c0000000)
  region size 1024K, 9 young (9216K), 0 survivors (0K)
 Metaspace       used 7583K, committed 7744K, reserved 1056768K
  class space    used 639K, committed 704K, reserved 1048576K

Heap Regions: E=young(eden), S=young(survivor), O=old, HS=humongous(starts), HC=humongous(continues), CS=collection set, F=free, OA=open archive, CA=closed archive, TAMS=top-at-mark-start (previous, next)
|   0|0x0000000740000000, 0x0000000740000000, 0x0000000740100000|  0%| F|  |TAMS 0x0000000740000000, 0x0000000740000000| Untracked 
|   1|0x0000000740100000, 0x0000000740100000, 0x0000000740200000|  0%| F|  |TAMS 0x0000000740100000, 0x0000000740100000| Untracked 
|   2|0x0000000740200000, 0x0000000740200000, 0x0000000740300000|  0%| F|  |TAMS 0x0000000740200000, 0x0000000740200000| Untracked 
|   3|0x0000000740300000, 0x0000000740300000, 0x0000000740400000|  0%| F|  |TAMS 0x0000000740300000, 0x0000000740300000| Untracked 
|   4|0x0000000740400000, 0x0000000740400000, 0x0000000740500000|  0%| F|  |TAMS 0x0000000740400000, 0x0000000740400000| Untracked 
|   5|0x0000000740500000, 0x0000000740500000, 0x0000000740600000|  0%| F|  |TAMS 0x0000000740500000, 0x0000000740500000| Untracked 
|   6|0x0000000740600000, 0x0000000740600000, 0x0000000740700000|  0%| F|  |TAMS 0x0000000740600000, 0x0000000740600000| Untracked 
|   7|0x0000000740700000, 0x0000000740700000, 0x0000000740800000|  0%| F|  |TAMS 0x0000000740700000, 0x0000000740700000| Untracked 
|   8|0x0000000740800000, 0x0000000740800000, 0x0000000740900000|  0%| F|  |TAMS 0x0000000740800000, 0x0000000740800000| Untracked 
|   9|0x0000000740900000, 0x0000000740900000, 0x0000000740a00000|  0%| F|  |TAMS 0x0000000740900000, 0x0000000740900000| Untracked 
|  10|0x0000000740a00000, 0x0000000740a00000, 0x0000000740b00000|  0%| F|  |TAMS 0x0000000740a00000, 0x0000000740a00000| Untracked 
|  11|0x0000000740b00000, 0x0000000740b00000, 0x0000000740c00000|  0%| F|  |TAMS 0x0000000740b00000, 0x0000000740b00000| Untracked 
|  12|0x0000000740c00000, 0x0000000740c00000, 0x0000000740d00000|  0%| F|  |TAMS 0x0000000740c00000, 0x0000000740c00000| Untracked 
|  13|0x0000000740d00000, 0x0000000740d00000, 0x0000000740e00000|  0%| F|  |TAMS 0x0000000740d00000, 0x0000000740d00000| Untracked 
|  14|0x0000000740e00000, 0x0000000740e00000, 0x0000000740f00000|  0%| F|  |TAMS 0x0000000740e00000, 0x0000000740e00000| Untracked 
|  15|0x0000000740f00000, 0x0000000740f00000, 0x0000000741000000|  0%| F|  |TAMS 0x0000000740f00000, 0x0000000740f00000| Untracked 
|  16|0x0000000741000000, 0x0000000741000000, 0x0000000741100000|  0%| F|  |TAMS 0x0000000741000000, 0x0000000741000000| Untracked 
|  17|0x0000000741100000, 0x0000000741100000, 0x0000000741200000|  0%| F|  |TAMS 0x0000000741100000, 0x0000000741100000| Untracked 
|  18|0x0000000741200000, 0x0000000741200000, 0x0000000741300000|  0%| F|  |TAMS 0x0000000741200000, 0x0000000741200000| Untracked 
|  19|0x0000000741300000, 0x0000000741300000, 0x0000000741400000|  0%| F|  |TAMS 0x0000000741300000, 0x0000000741300000| Untracked 
|  20|0x0000000741400000, 0x0000000741400000, 0x0000000741500000|  0%| F|  |TAMS 0x0000000741400000, 0x0000000741400000| Untracked 
|  21|0x0000000741500000, 0x0000000741500000, 0x0000000741600000|  0%| F|  |TAMS 0x0000000741500000, 0x0000000741500000| Untracked 
|  22|0x0000000741600000, 0x0000000741600000, 0x0000000741700000|  0%| F|  |TAMS 0x0000000741600000, 0x0000000741600000| Untracked 
|  23|0x0000000741700000, 0x0000000741700000, 0x0000000741800000|  0%| F|  |TAMS 0x0000000741700000, 0x0000000741700000| Untracked 
|  24|0x0000000741800000, 0x0000000741800000, 0x0000000741900000|  0%| F|  |TAMS 0x0000000741800000, 0x0000000741800000| Untracked 
|  25|0x0000000741900000, 0x0000000741900000, 0x0000000741a00000|  0%| F|  |TAMS 0x0000000741900000, 0x0000000741900000| Untracked 
|  26|0x0000000741a00000, 0x0000000741a00000, 0x0000000741b00000|  0%| F|  |TAMS 0x0000000741a00000, 0x0000000741a00000| Untracked 
|  27|0x0000000741b00000, 0x0000000741b00000, 0x0000000741c00000|  0%| F|  |TAMS 0x0000000741b00000, 0x0000000741b00000| Untracked 
|  28|0x0000000741c00000, 0x0000000741c00000, 0x0000000741d00000|  0%| F|  |TAMS 0x0000000741c00000, 0x0000000741c00000| Untracked 
|  29|0x0000000741d00000, 0x0000000741d00000, 0x0000000741e00000|  0%| F|  |TAMS 0x0000000741d00000, 0x0000000741d00000| Untracked 
|  30|0x0000000741e00000, 0x0000000741e00000, 0x0000000741f00000|  0%| F|  |TAMS 0x0000000741e00000, 0x0000000741e00000| Untracked 
|  31|0x0000000741f00000, 0x0000000741f00000, 0x0000000742000000|  0%| F|  |TAMS 0x0000000741f00000, 0x0000000741f00000| Untracked 
|  32|0x0000000742000000, 0x0000000742000000, 0x0000000742100000|  0%| F|  |TAMS 0x0000000742000000, 0x0000000742000000| Untracked 
|  33|0x0000000742100000, 0x0000000742100000, 0x0000000742200000|  0%| F|  |TAMS 0x0000000742100000, 0x0000000742100000| Untracked 
|  34|0x0000000742200000, 0x0000000742200000, 0x0000000742300000|  0%| F|  |TAMS 0x0000000742200000, 0x0000000742200000| Untracked 
|  35|0x0000000742300000, 0x0000000742300000, 0x0000000742400000|  0%| F|  |TAMS 0x0000000742300000, 0x0000000742300000| Untracked 
|  36|0x0000000742400000, 0x0000000742400000, 0x0000000742500000|  0%| F|  |TAMS 0x0000000742400000, 0x0000000742400000| Untracked 
|  37|0x0000000742500000, 0x0000000742500000, 0x0000000742600000|  0%| F|  |TAMS 0x0000000742500000, 0x0000000742500000| Untracked 
|  38|0x0000000742600000, 0x0000000742600000, 0x0000000742700000|  0%| F|  |TAMS 0x0000000742600000, 0x0000000742600000| Untracked 
|  39|0x0000000742700000, 0x0000000742700000, 0x0000000742800000|  0%| F|  |TAMS 0x0000000742700000, 0x0000000742700000| Untracked 
|  40|0x0000000742800000, 0x0000000742800000, 0x0000000742900000|  0%| F|  |TAMS 0x0000000742800000, 0x0000000742800000| Untracked 
|  41|0x0000000742900000, 0x0000000742900000, 0x0000000742a00000|  0%| F|  |TAMS 0x0000000742900000, 0x0000000742900000| Untracked 
|  42|0x0000000742a00000, 0x0000000742a00000, 0x0000000742b00000|  0%| F|  |TAMS 0x0000000742a00000, 0x0000000742a00000| Untracked 
|  43|0x0000000742b00000, 0x0000000742b00000, 0x0000000742c00000|  0%| F|  |TAMS 0x0000000742b00000, 0x0000000742b00000| Untracked 
|  44|0x0000000742c00000, 0x0000000742c00000, 0x0000000742d00000|  0%| F|  |TAMS 0x0000000742c00000, 0x0000000742c00000| Untracked 
|  45|0x0000000742d00000, 0x0000000742d00000, 0x0000000742e00000|  0%| F|  |TAMS 0x0000000742d00000, 0x0000000742d00000| Untracked 
|  46|0x0000000742e00000, 0x0000000742e00000, 0x0000000742f00000|  0%| F|  |TAMS 0x0000000742e00000, 0x0000000742e00000| Untracked 
|  47|0x0000000742f00000, 0x0000000742f00000, 0x0000000743000000|  0%| F|  |TAMS 0x0000000742f00000, 0x0000000742f00000| Untracked 
|  48|0x0000000743000000, 0x0000000743000000, 0x0000000743100000|  0%| F|  |TAMS 0x0000000743000000, 0x0000000743000000| Untracked 
|  49|0x0000000743100000, 0x0000000743100000, 0x0000000743200000|  0%| F|  |TAMS 0x0000000743100000, 0x0000000743100000| Untracked 
|  50|0x0000000743200000, 0x0000000743200000, 0x0000000743300000|  0%| F|  |TAMS 0x0000000743200000, 0x0000000743200000| Untracked 
|  51|0x0000000743300000, 0x0000000743300000, 0x0000000743400000|  0%| F|  |TAMS 0x0000000743300000, 0x0000000743300000| Untracked 
|  52|0x0000000743400000, 0x0000000743400000, 0x0000000743500000|  0%| F|  |TAMS 0x0000000743400000, 0x0000000743400000| Untracked 
|  53|0x0000000743500000, 0x0000000743500000, 0x0000000743600000|  0%| F|  |TAMS 0x0000000743500000, 0x0000000743500000| Untracked 
|  54|0x0000000743600000, 0x0000000743600000, 0x0000000743700000|  0%| F|  |TAMS 0x0000000743600000, 0x0000000743600000| Untracked 
|  55|0x0000000743700000, 0x0000000743700000, 0x0000000743800000|  0%| F|  |TAMS 0x0000000743700000, 0x0000000743700000| Untracked 
|  56|0x0000000743800000, 0x0000000743800000, 0x0000000743900000|  0%| F|  |TAMS 0x0000000743800000, 0x0000000743800000| Untracked 
|  57|0x0000000743900000, 0x0000000743900000, 0x0000000743a00000|  0%| F|  |TAMS 0x0000000743900000, 0x0000000743900000| Untracked 
|  58|0x0000000743a00000, 0x0000000743a00000, 0x0000000743b00000|  0%| F|  |TAMS 0x0000000743a00000, 0x0000000743a00000| Untracked 
|  59|0x0000000743b00000, 0x0000000743b00000, 0x0000000743c00000|  0%| F|  |TAMS 0x0000000743b00000, 0x0000000743b00000| Untracked 
|  60|0x0000000743c00000, 0x0000000743c00000, 0x0000000743d00000|  0%| F|  |TAMS 0x0000000743c00000, 0x0000000743c00000| Untracked 
|  61|0x0000000743d00000, 0x0000000743d00000, 0x0000000743e00000|  0%| F|  |TAMS 0x0000000743d00000, 0x0000000743d00000| Untracked 
|  62|0x0000000743e00000, 0x0000000743e00000, 0x0000000743f00000|  0%| F|  |TAMS 0x0000000743e00000, 0x0000000743e00000| Untracked 
|  63|0x0000000743f00000, 0x0000000743f00000, 0x0000000744000000|  0%| F|  |TAMS 0x0000000743f00000, 0x0000000743f00000| Untracked 
|  64|0x0000000744000000, 0x0000000744000000, 0x0000000744100000|  0%| F|  |TAMS 0x0000000744000000, 0x0000000744000000| Untracked 
|  65|0x0000000744100000, 0x0000000744100000, 0x0000000744200000|  0%| F|  |TAMS 0x0000000744100000, 0x0000000744100000| Untracked 
|  66|0x0000000744200000, 0x0000000744200000, 0x0000000744300000|  0%| F|  |TAMS 0x0000000744200000, 0x0000000744200000| Untracked 
|  67|0x0000000744300000, 0x0000000744300000, 0x0000000744400000|  0%| F|  |TAMS 0x0000000744300000, 0x0000000744300000| Untracked 
|  68|0x0000000744400000, 0x0000000744400000, 0x0000000744500000|  0%| F|  |TAMS 0x0000000744400000, 0x0000000744400000| Untracked 
|  69|0x0000000744500000, 0x0000000744500000, 0x0000000744600000|  0%| F|  |TAMS 0x0000000744500000, 0x0000000744500000| Untracked 
|  70|0x0000000744600000, 0x0000000744600000, 0x0000000744700000|  0%| F|  |TAMS 0x0000000744600000, 0x0000000744600000| Untracked 
|  71|0x0000000744700000, 0x0000000744700000, 0x0000000744800000|  0%| F|  |TAMS 0x0000000744700000, 0x0000000744700000| Untracked 
|  72|0x0000000744800000, 0x0000000744800000, 0x0000000744900000|  0%| F|  |TAMS 0x0000000744800000, 0x0000000744800000| Untracked 
|  73|0x0000000744900000, 0x0000000744900000, 0x0000000744a00000|  0%| F|  |TAMS 0x0000000744900000, 0x0000000744900000| Untracked 
|  74|0x0000000744a00000, 0x0000000744a00000, 0x0000000744b00000|  0%| F|  |TAMS 0x0000000744a00000, 0x0000000744a00000| Untracked 
|  75|0x0000000744b00000, 0x0000000744b00000, 0x0000000744c00000|  0%| F|  |TAMS 0x0000000744b00000, 0x0000000744b00000| Untracked 
|  76|0x0000000744c00000, 0x0000000744c00000, 0x0000000744d00000|  0%| F|  |TAMS 0x0000000744c00000, 0x0000000744c00000| Untracked 
|  77|0x0000000744d00000, 0x0000000744d00000, 0x0000000744e00000|  0%| F|  |TAMS 0x0000000744d00000, 0x0000000744d00000| Untracked 
|  78|0x0000000744e00000, 0x0000000744e00000, 0x0000000744f00000|  0%| F|  |TAMS 0x0000000744e00000, 0x0000000744e00000| Untracked 
|  79|0x0000000744f00000, 0x0000000744f00000, 0x0000000745000000|  0%| F|  |TAMS 0x0000000744f00000, 0x0000000744f00000| Untracked 
|  80|0x0000000745000000, 0x0000000745000000, 0x0000000745100000|  0%| F|  |TAMS 0x0000000745000000, 0x0000000745000000| Untracked 
|  81|0x0000000745100000, 0x0000000745100000, 0x0000000745200000|  0%| F|  |TAMS 0x0000000745100000, 0x0000000745100000| Untracked 
|  82|0x0000000745200000, 0x0000000745200000, 0x0000000745300000|  0%| F|  |TAMS 0x0000000745200000, 0x0000000745200000| Untracked 
|  83|0x0000000745300000, 0x0000000745300000, 0x0000000745400000|  0%| F|  |TAMS 0x0000000745300000, 0x0000000745300000| Untracked 
|  84|0x0000000745400000, 0x0000000745400000, 0x0000000745500000|  0%| F|  |TAMS 0x0000000745400000, 0x0000000745400000| Untracked 
|  85|0x0000000745500000, 0x0000000745500000, 0x0000000745600000|  0%| F|  |TAMS 0x0000000745500000, 0x0000000745500000| Untracked 
|  86|0x0000000745600000, 0x0000000745600000, 0x0000000745700000|  0%| F|  |TAMS 0x0000000745600000, 0x0000000745600000| Untracked 
|  87|0x0000000745700000, 0x0000000745700000, 0x0000000745800000|  0%| F|  |TAMS 0x0000000745700000, 0x0000000745700000| Untracked 
|  88|0x0000000745800000, 0x0000000745800000, 0x0000000745900000|  0%| F|  |TAMS 0x0000000745800000, 0x0000000745800000| Untracked 
|  89|0x0000000745900000, 0x0000000745900000, 0x0000000745a00000|  0%| F|  |TAMS 0x0000000745900000, 0x0000000745900000| Untracked 
|  90|0x0000000745a00000, 0x0000000745a00000, 0x0000000745b00000|  0%| F|  |TAMS 0x0000000745a00000, 0x0000000745a00000| Untracked 
|  91|0x0000000745b00000, 0x0000000745b00000, 0x0000000745c00000|  0%| F|  |TAMS 0x0000000745b00000, 0x0000000745b00000| Untracked 
|  92|0x0000000745c00000, 0x0000000745c00000, 0x0000000745d00000|  0%| F|  |TAMS 0x0000000745c00000, 0x0000000745c00000| Untracked 
|  93|0x0000000745d00000, 0x0000000745d00000, 0x0000000745e00000|  0%| F|  |TAMS 0x0000000745d00000, 0x0000000745d00000| Untracked 
|  94|0x0000000745e00000, 0x0000000745e00000, 0x0000000745f00000|  0%| F|  |TAMS 0x0000000745e00000, 0x0000000745e00000| Untracked 
|  95|0x0000000745f00000, 0x0000000745f00000, 0x0000000746000000|  0%| F|  |TAMS 0x0000000745f00000, 0x0000000745f00000| Untracked 
|  96|0x0000000746000000, 0x0000000746000000, 0x0000000746100000|  0%| F|  |TAMS 0x0000000746000000, 0x0000000746000000| Untracked 
|  97|0x0000000746100000, 0x0000000746100000, 0x0000000746200000|  0%| F|  |TAMS 0x0000000746100000, 0x0000000746100000| Untracked 
|  98|0x0000000746200000, 0x0000000746200000, 0x0000000746300000|  0%| F|  |TAMS 0x0000000746200000, 0x0000000746200000| Untracked 
|  99|0x0000000746300000, 0x0000000746300000, 0x0000000746400000|  0%| F|  |TAMS 0x0000000746300000, 0x0000000746300000| Untracked 
| 100|0x0000000746400000, 0x0000000746400000, 0x0000000746500000|  0%| F|  |TAMS 0x0000000746400000, 0x0000000746400000| Untracked 
| 101|0x0000000746500000, 0x0000000746500000, 0x0000000746600000|  0%| F|  |TAMS 0x0000000746500000, 0x0000000746500000| Untracked 
| 102|0x0000000746600000, 0x0000000746600000, 0x0000000746700000|  0%| F|  |TAMS 0x0000000746600000, 0x0000000746600000| Untracked 
| 103|0x0000000746700000, 0x0000000746700000, 0x0000000746800000|  0%| F|  |TAMS 0x0000000746700000, 0x0000000746700000| Untracked 
| 104|0x0000000746800000, 0x0000000746800000, 0x0000000746900000|  0%| F|  |TAMS 0x0000000746800000, 0x0000000746800000| Untracked 
| 105|0x0000000746900000, 0x0000000746900000, 0x0000000746a00000|  0%| F|  |TAMS 0x0000000746900000, 0x0000000746900000| Untracked 
| 106|0x0000000746a00000, 0x0000000746a00000, 0x0000000746b00000|  0%| F|  |TAMS 0x0000000746a00000, 0x0000000746a00000| Untracked 
| 107|0x0000000746b00000, 0x0000000746b00000, 0x0000000746c00000|  0%| F|  |TAMS 0x0000000746b00000, 0x0000000746b00000| Untracked 
| 108|0x0000000746c00000, 0x0000000746c00000, 0x0000000746d00000|  0%| F|  |TAMS 0x0000000746c00000, 0x0000000746c00000| Untracked 
| 109|0x0000000746d00000, 0x0000000746d00000, 0x0000000746e00000|  0%| F|  |TAMS 0x0000000746d00000, 0x0000000746d00000| Untracked 
| 110|0x0000000746e00000, 0x0000000746e00000, 0x0000000746f00000|  0%| F|  |TAMS 0x0000000746e00000, 0x0000000746e00000| Untracked 
| 111|0x0000000746f00000, 0x0000000746f00000, 0x0000000747000000|  0%| F|  |TAMS 0x0000000746f00000, 0x0000000746f00000| Untracked 
| 112|0x0000000747000000, 0x0000000747000000, 0x0000000747100000|  0%| F|  |TAMS 0x0000000747000000, 0x0000000747000000| Untracked 
| 113|0x0000000747100000, 0x0000000747100000, 0x0000000747200000|  0%| F|  |TAMS 0x0000000747100000, 0x0000000747100000| Untracked 
| 114|0x0000000747200000, 0x0000000747200000, 0x0000000747300000|  0%| F|  |TAMS 0x0000000747200000, 0x0000000747200000| Untracked 
| 115|0x0000000747300000, 0x0000000747300000, 0x0000000747400000|  0%| F|  |TAMS 0x0000000747300000, 0x0000000747300000| Untracked 
| 116|0x0000000747400000, 0x0000000747400000, 0x0000000747500000|  0%| F|  |TAMS 0x0000000747400000, 0x0000000747400000| Untracked 
| 117|0x0000000747500000, 0x0000000747500000, 0x0000000747600000|  0%| F|  |TAMS 0x0000000747500000, 0x0000000747500000| Untracked 
| 118|0x0000000747600000, 0x0000000747600000, 0x0000000747700000|  0%| F|  |TAMS 0x0000000747600000, 0x0000000747600000| Untracked 
| 119|0x0000000747700000, 0x00000007477ec180, 0x0000000747800000| 92%| E|  |TAMS 0x0000000747700000, 0x0000000747700000| Complete 
| 120|0x0000000747800000, 0x0000000747900000, 0x0000000747900000|100%| E|CS|TAMS 0x0000000747800000, 0x0000000747800000| Complete 
| 121|0x0000000747900000, 0x0000000747a00000, 0x0000000747a00000|100%| E|CS|TAMS 0x0000000747900000, 0x0000000747900000| Complete 
| 122|0x0000000747a00000, 0x0000000747b00000, 0x0000000747b00000|100%| E|CS|TAMS 0x0000000747a00000, 0x0000000747a00000| Complete 
| 123|0x0000000747b00000, 0x0000000747c00000, 0x0000000747c00000|100%| E|CS|TAMS 0x0000000747b00000, 0x0000000747b00000| Complete 
| 124|0x0000000747c00000, 0x0000000747d00000, 0x0000000747d00000|100%| E|  |TAMS 0x0000000747c00000, 0x0000000747c00000| Complete 
| 125|0x0000000747d00000, 0x0000000747e00000, 0x0000000747e00000|100%| E|CS|TAMS 0x0000000747d00000, 0x0000000747d00000| Complete 
| 126|0x0000000747e00000, 0x0000000747f00000, 0x0000000747f00000|100%| E|CS|TAMS 0x0000000747e00000, 0x0000000747e00000| Complete 
| 127|0x0000000747f00000, 0x0000000748000000, 0x0000000748000000|100%| E|CS|TAMS 0x0000000747f00000, 0x0000000747f00000| Complete 

Card table byte_map: [0x0000000121258000,0x0000000121658000] _byte_map_base: 0x000000011d858000

Marking Bits (Prev, Next): (CMBitMap*) 0x000000015b812810, (CMBitMap*) 0x000000015b812850
 Prev Bits: [0x0000000121a58000, 0x0000000123a58000)
 Next Bits: [0x0000000123a58000, 0x0000000125a58000)

Polling page: 0x0000000104180000

Metaspace:

Usage:
  Non-class:      6.78 MB used.
      Class:    639.38 KB used.
       Both:      7.41 MB used.

Virtual space:
  Non-class space:        8.00 MB reserved,       6.88 MB ( 86%) committed,  1 nodes.
      Class space:        1.00 GB reserved,     704.00 KB ( <1%) committed,  1 nodes.
              Both:        1.01 GB reserved,       7.56 MB ( <1%) committed. 

Chunk freelists:
   Non-Class:  816.00 KB
       Class:  3.20 MB
        Both:  4.00 MB

MaxMetaspaceSize: 17179869184.00 GB
CompressedClassSpaceSize: 1.00 GB
 - commit_granule_bytes: 65536.
 - commit_granule_words: 8192.
 - virtual_space_node_default_size: 1048576.
 - enlarge_chunks_in_place: 1.
 - new_chunks_are_fully_committed: 0.
 - uncommit_free_chunks: 1.
 - use_allocation_guard: 0.
 - handle_deallocations: 1.


Internal statistics:

num_allocs_failed_limit: 0.
num_arena_births: 12.
num_arena_deaths: 0.
num_vsnodes_births: 2.
num_vsnodes_deaths: 0.
num_space_committed: 121.
num_space_uncommitted: 0.
num_chunks_returned_to_freelist: 0.
num_chunks_taken_from_freelist: 56.
num_chunk_merges: 0.
num_chunk_splits: 24.
num_chunks_enlarged: 15.
num_purges: 0.

CodeHeap 'non-profiled nmethods': size=120032Kb used=165Kb max_used=165Kb free=119866Kb
 bounds [0x0000000119920000, 0x0000000119b90000, 0x0000000120e58000]
CodeHeap 'profiled nmethods': size=120016Kb used=802Kb max_used=802Kb free=119213Kb
 bounds [0x00000001123ec000, 0x000000011265c000, 0x0000000119920000]
CodeHeap 'non-nmethods': size=5712Kb used=1064Kb max_used=1098Kb free=4647Kb
 bounds [0x0000000111e58000, 0x00000001120c8000, 0x00000001123ec000]
 total_blobs=841 nmethods=480 adapters=278
 compilation: enabled
              stopped_count=0, restarted_count=0
 full_count=0

Compilation events (20 events):
Event: 0.270 Thread 0x000000014a076c00 nmethod 461 0x00000001124a9910 code [0x00000001124a9b80, 0x00000001124aa0f8]
Event: 0.270 Thread 0x000000014a076c00  462       3       org.springframework.boot.loader.jar.Handler::getFileFromContext (147 bytes)
Event: 0.271 Thread 0x000000014a076c00 nmethod 462 0x00000001124aa390 code [0x00000001124aaac0, 0x00000001124ace08]
Event: 0.271 Thread 0x000000014a076c00  465       3       org.springframework.boot.loader.jar.StringSequence::indexOf (18 bytes)
Event: 0.271 Thread 0x000000014a076c00 nmethod 465 0x00000001124ada90 code [0x00000001124adc80, 0x00000001124ae008]
Event: 0.271 Thread 0x000000014a076c00  463       3       org.springframework.boot.loader.jar.Handler::setFile (60 bytes)
Event: 0.271 Thread 0x000000014a076c00 nmethod 463 0x00000001124ae190 code [0x00000001124ae440, 0x00000001124aed88]
Event: 0.271 Thread 0x000000014a076c00  464       3       org.springframework.boot.loader.jar.Handler::normalize (75 bytes)
Event: 0.272 Thread 0x000000014a079800 nmethod 466 0x0000000119945b10 code [0x0000000119945c80, 0x0000000119945e30]
Event: 0.272 Thread 0x000000014a079800  469       4       java.lang.AbstractStringBuilder::ensureCapacityInternal (39 bytes)
Event: 0.272 Thread 0x000000014a076c00 nmethod 464 0x00000001124af190 code [0x00000001124af5c0, 0x00000001124b0698]
Event: 0.272 Thread 0x000000014a076c00  454       1       java.lang.NamedPackage::module (5 bytes)
Event: 0.272 Thread 0x000000014a076c00 nmethod 454 0x0000000119945f10 code [0x0000000119946080, 0x0000000119946168]
Event: 0.272 Thread 0x000000014a076c00  436       1       java.security.CodeSource::getLocationNoFragString (5 bytes)
Event: 0.272 Thread 0x000000014a076c00 nmethod 436 0x0000000119946210 code [0x0000000119946380, 0x0000000119946468]
Event: 0.272 Thread 0x000000014a076c00  467       1       java.security.CodeSource::getLocation (5 bytes)
Event: 0.272 Thread 0x000000014a076c00 nmethod 467 0x0000000119946510 code [0x0000000119946680, 0x0000000119946768]
Event: 0.273 Thread 0x000000014a076c00  474       3       jdk.internal.ref.CleanerImpl::getCleanerImpl (13 bytes)
Event: 0.273 Thread 0x000000014a076c00 nmethod 474 0x00000001124b0d10 code [0x00000001124b0ec0, 0x00000001124b11d8]
Event: 0.273 Thread 0x000000014a076c00  479       3       java.lang.StringLatin1::toLowerCase (186 bytes)

GC Heap History (0 events):
No events

Deoptimization events (20 events):
Event: 0.264 Thread 0x000000015a00a000 DEOPT PACKING pc=0x000000011240cae0 sp=0x000000016bf94390
Event: 0.264 Thread 0x000000015a00a000 DEOPT UNPACKING pc=0x0000000111e91bfc sp=0x000000016bf94140 mode 0
Event: 0.265 Thread 0x000000015a00a000 DEOPT PACKING pc=0x0000000112468f58 sp=0x000000016bf92ae0
Event: 0.265 Thread 0x000000015a00a000 DEOPT UNPACKING pc=0x0000000111e91bfc sp=0x000000016bf92840 mode 0
Event: 0.265 Thread 0x000000015a00a000 DEOPT PACKING pc=0x0000000112468f58 sp=0x000000016bf92870
Event: 0.265 Thread 0x000000015a00a000 DEOPT UNPACKING pc=0x0000000111e91bfc sp=0x000000016bf925d0 mode 0
Event: 0.266 Thread 0x000000015a00a000 DEOPT PACKING pc=0x000000011240cae0 sp=0x000000016bf95c90
Event: 0.266 Thread 0x000000015a00a000 DEOPT UNPACKING pc=0x0000000111e91bfc sp=0x000000016bf95a40 mode 0
Event: 0.266 Thread 0x000000015a00a000 DEOPT PACKING pc=0x000000011240cae0 sp=0x000000016bf95c90
Event: 0.266 Thread 0x000000015a00a000 DEOPT UNPACKING pc=0x0000000111e91bfc sp=0x000000016bf95a40 mode 0
Event: 0.267 Thread 0x000000015a00a000 DEOPT PACKING pc=0x000000011240cae0 sp=0x000000016bf94490
Event: 0.267 Thread 0x000000015a00a000 DEOPT UNPACKING pc=0x0000000111e91bfc sp=0x000000016bf94240 mode 0
Event: 0.268 Thread 0x000000015a00a000 DEOPT PACKING pc=0x0000000112409884 sp=0x000000016bf95cd0
Event: 0.268 Thread 0x000000015a00a000 DEOPT UNPACKING pc=0x0000000111e91bfc sp=0x000000016bf95a00 mode 0
Event: 0.268 Thread 0x000000015a00a000 DEOPT PACKING pc=0x000000011240cae0 sp=0x000000016bf95c90
Event: 0.268 Thread 0x000000015a00a000 DEOPT UNPACKING pc=0x0000000111e91bfc sp=0x000000016bf95a40 mode 0
Event: 0.270 Thread 0x000000015a00a000 DEOPT PACKING pc=0x0000000112407c64 sp=0x000000016bf95dc0
Event: 0.270 Thread 0x000000015a00a000 DEOPT UNPACKING pc=0x0000000111e91bfc sp=0x000000016bf95b50 mode 0
Event: 0.271 Thread 0x000000015a00a000 DEOPT PACKING pc=0x0000000112407c64 sp=0x000000016bf95dc0
Event: 0.271 Thread 0x000000015a00a000 DEOPT UNPACKING pc=0x0000000111e91bfc sp=0x000000016bf95b50 mode 0

Classes unloaded (0 events):
No events

Classes redefined (0 events):
No events

Internal exceptions (2 events):
Event: 0.160 Thread 0x000000015a00a000 Exception <a 'java/lang/NoSuchMethodError'{0x0000000747eef138}: 'int java.lang.invoke.DirectMethodHandle$Holder.invokeVirtual(java.lang.Object, java.lang.Object, java.lang.Object)'> (0x0000000747eef138) 
thrown [src/hotspot/share/interpreter/linkResolver.cpp, line 789]
Event: 0.195 Thread 0x000000015a00a000 Exception <a 'java/lang/NoSuchMethodError'{0x0000000747d72b68}: 'void java.lang.invoke.DirectMethodHandle$Holder.invokeSpecial(java.lang.Object, java.lang.Object, java.lang.Object)'> (0x0000000747d72b68) 
thrown [src/hotspot/share/interpreter/linkResolver.cpp, line 789]

Events (20 events):
Event: 0.229 loading class java/security/Security
Event: 0.230 loading class java/security/Security done
Event: 0.230 loading class java/security/Security$1
Event: 0.230 loading class java/security/Security$1 done
Event: 0.238 loading class java/util/Properties$LineReader
Event: 0.238 loading class java/util/Properties$LineReader done
Event: 0.240 loading class java/io/FilePermissionCollection
Event: 0.240 loading class java/io/FilePermissionCollection done
Event: 0.240 loading class java/util/Vector
Event: 0.240 loading class java/util/Vector done
Event: 0.240 loading class java/io/FilePermissionCollection$1
Event: 0.240 loading class java/io/FilePermissionCollection$1 done
Event: 0.250 loading class jdk/internal/loader/BootLoader$PackageHelper
Event: 0.250 loading class jdk/internal/loader/BootLoader$PackageHelper done
Event: 0.266 loading class java/security/AccessControlException
Event: 0.266 loading class java/lang/SecurityException
Event: 0.266 loading class java/lang/SecurityException done
Event: 0.266 loading class java/security/AccessControlException done
Event: 0.271 loading class java/util/EventObject
Event: 0.271 loading class java/util/EventObject done


Dynamic libraries:
0x000000018c8a1000 	/usr/lib/libz.1.dylib
0x0000000104110000 	/opt/homebrew/Cellar/openjdk/15.0.2/libexec/openjdk.jdk/Contents/Home/lib/libjli.dylib
0x0000000196dab000 	/System/Library/Frameworks/Cocoa.framework/Versions/A/Cocoa
0x0000000184cee000 	/System/Library/Frameworks/Security.framework/Versions/A/Security
0x0000000195119000 	/System/Library/Frameworks/ApplicationServices.framework/Versions/A/ApplicationServices
0x000000018c947000 	/usr/lib/libSystem.B.dylib
0x000000018c941000 	/usr/lib/system/libcache.dylib
0x000000018c900000 	/usr/lib/system/libcommonCrypto.dylib
0x000000018c92a000 	/usr/lib/system/libcompiler_rt.dylib
0x000000018c921000 	/usr/lib/system/libcopyfile.dylib
0x0000000182c64000 	/usr/lib/system/libcorecrypto.dylib
0x0000000182d04000 	/usr/lib/system/libdispatch.dylib
0x0000000182ebd000 	/usr/lib/system/libdyld.dylib
0x000000018c937000 	/usr/lib/system/libkeymgr.dylib
0x000000018fd68000 	/usr/lib/system/liblaunch.dylib
0x000000018c8e2000 	/usr/lib/system/libmacho.dylib
0x000000018c154000 	/usr/lib/system/libquarantine.dylib
0x000000018c934000 	/usr/lib/system/libremovefile.dylib
0x000000018774a000 	/usr/lib/system/libsystem_asl.dylib
0x0000000182c12000 	/usr/lib/system/libsystem_blocks.dylib
0x0000000182d86000 	/usr/lib/system/libsystem_c.dylib
0x000000018c92e000 	/usr/lib/system/libsystem_collections.dylib
0x000000018b78e000 	/usr/lib/system/libsystem_configuration.dylib
0x000000018ab11000 	/usr/lib/system/libsystem_containermanager.dylib
0x000000018c6b7000 	/usr/lib/system/libsystem_coreservices.dylib
0x00000001852c5000 	/usr/lib/system/libsystem_darwin.dylib
0x000000018c938000 	/usr/lib/system/libsystem_dnssd.dylib
0x0000000182d83000 	/usr/lib/system/libsystem_featureflags.dylib
0x0000000182f06000 	/usr/lib/system/libsystem_info.dylib
0x000000018c8b3000 	/usr/lib/system/libsystem_m.dylib
0x0000000182cd8000 	/usr/lib/system/libsystem_malloc.dylib
0x00000001876e5000 	/usr/lib/system/libsystem_networkextension.dylib
0x0000000185708000 	/usr/lib/system/libsystem_notify.dylib
0x0000000192216000 	/usr/lib/system/libsystem_product_info_filter.dylib
0x000000018b793000 	/usr/lib/system/libsystem_sandbox.dylib
0x000000018c931000 	/usr/lib/system/libsystem_secinit.dylib
0x0000000182e7c000 	/usr/lib/system/libsystem_kernel.dylib
0x0000000182eff000 	/usr/lib/system/libsystem_platform.dylib
0x0000000182eb0000 	/usr/lib/system/libsystem_pthread.dylib
0x0000000188cb7000 	/usr/lib/system/libsystem_symptoms.dylib
0x0000000182c4c000 	/usr/lib/system/libsystem_trace.dylib
0x000000018c90e000 	/usr/lib/system/libunwind.dylib
0x0000000182c14000 	/usr/lib/system/libxpc.dylib
0x0000000182e64000 	/usr/lib/libc++abi.dylib
0x0000000182d49000 	/usr/lib/libobjc.A.dylib
0x000000018c919000 	/usr/lib/liboah.dylib
0x0000000182e08000 	/usr/lib/libc++.1.dylib
0x0000000182f32000 	/System/Library/Frameworks/CoreFoundation.framework/Versions/A/CoreFoundation
0x0000000183cf9000 	/System/Library/Frameworks/Foundation.framework/Versions/C/Foundation
0x0000000185762000 	/System/Library/Frameworks/AppKit.framework/Versions/C/AppKit
0x0000000188580000 	/System/Library/Frameworks/CoreData.framework/Versions/A/CoreData
0x00000001864a2000 	/System/Library/PrivateFrameworks/UIFoundation.framework/Versions/A/UIFoundation
0x0000000191fa8000 	/System/Library/PrivateFrameworks/RemoteViewServices.framework/Versions/A/RemoteViewServices
0x000000018b1c2000 	/System/Library/PrivateFrameworks/XCTTargetBootstrap.framework/Versions/A/XCTTargetBootstrap
0x000000018db01000 	/usr/lib/libspindump.dylib
0x00000001866c9000 	/System/Library/Frameworks/UniformTypeIdentifiers.framework/Versions/A/UniformTypeIdentifiers
0x00000001897aa000 	/usr/lib/libapp_launch_measurement.dylib
0x00000001897ad000 	/System/Library/PrivateFrameworks/CoreAutoLayout.framework/Versions/A/CoreAutoLayout
0x000000018ab3f000 	/System/Library/Frameworks/Metal.framework/Versions/A/Metal
0x000000018b79e000 	/usr/lib/liblangid.dylib
0x000000018b1c6000 	/System/Library/PrivateFrameworks/CoreSVG.framework/Versions/A/CoreSVG
0x000000018777c000 	/System/Library/PrivateFrameworks/SkyLight.framework/Versions/A/SkyLight
0x0000000187ae7000 	/System/Library/Frameworks/CoreGraphics.framework/Versions/A/CoreGraphics
0x00000001924c8000 	/System/Library/Frameworks/Accelerate.framework/Versions/A/Accelerate
0x000000018d55b000 	/System/Library/PrivateFrameworks/IconServices.framework/Versions/A/IconServices
0x000000018ab23000 	/System/Library/Frameworks/IOSurface.framework/Versions/A/IOSurface
0x0000000188e4e000 	/usr/lib/libDiagnosticMessagesClient.dylib
0x000000018b1aa000 	/System/Library/PrivateFrameworks/DFRFoundation.framework/Versions/A/DFRFoundation
0x0000000185053000 	/usr/lib/libicucore.A.dylib
0x000000018f052000 	/System/Library/Frameworks/AudioToolbox.framework/Versions/A/AudioToolbox
0x000000018e267000 	/System/Library/PrivateFrameworks/DataDetectorsCore.framework/Versions/A/DataDetectorsCore
0x00000001876f7000 	/usr/lib/libMobileGestalt.dylib
0x000000018ae9f000 	/System/Library/Frameworks/Carbon.framework/Versions/A/Frameworks/HIToolbox.framework/Versions/A/HIToolbox
0x0000000189249000 	/System/Library/Frameworks/QuartzCore.framework/Versions/A/QuartzCore
0x0000000191fe0000 	/System/Library/Frameworks/Carbon.framework/Versions/A/Frameworks/SpeechRecognition.framework/Versions/A/SpeechRecognition
0x0000000189548000 	/System/Library/PrivateFrameworks/CoreUI.framework/Versions/A/CoreUI
0x00000001846d3000 	/System/Library/Frameworks/CoreAudio.framework/Versions/A/CoreAudio
0x0000000188f37000 	/System/Library/Frameworks/DiskArbitration.framework/Versions/A/DiskArbitration
0x000000018deb4000 	/System/Library/PrivateFrameworks/MultitouchSupport.framework/Versions/A/MultitouchSupport
0x000000018e25e000 	/System/Library/PrivateFrameworks/InternationalSupport.framework/Versions/A/InternationalSupport
0x00000001876f5000 	/usr/lib/libenergytrace.dylib
0x000000018563c000 	/System/Library/Frameworks/IOKit.framework/Versions/A/IOKit
0x000000019230b000 	/System/Library/Frameworks/CoreServices.framework/Versions/A/CoreServices
0x0000000189740000 	/System/Library/PrivateFrameworks/PerformanceAnalysis.framework/Versions/A/PerformanceAnalysis
0x00000001c4eac000 	/System/Library/Frameworks/OpenGL.framework/Versions/A/OpenGL
0x000000018e2dc000 	/System/Library/PrivateFrameworks/UserActivity.framework/Versions/A/UserActivity
0x00000001880d5000 	/System/Library/Frameworks/ColorSync.framework/Versions/A/ColorSync
0x000000018b410000 	/System/Library/Frameworks/CoreImage.framework/Versions/A/CoreImage
0x0000000184503000 	/System/Library/Frameworks/CoreText.framework/Versions/A/CoreText
0x000000018b1f1000 	/System/Library/Frameworks/ImageIO.framework/Versions/A/ImageIO
0x000000018c94d000 	/System/Library/PrivateFrameworks/SoftLinking.framework/Versions/A/SoftLinking
0x00000001897f0000 	/usr/lib/libxml2.2.dylib
0x000000018cbcd000 	/usr/lib/libcompression.dylib
0x000000018e1aa000 	/System/Library/PrivateFrameworks/TextureIO.framework/Versions/A/TextureIO
0x000000018d2b8000 	/usr/lib/libate.dylib
0x000000018d101000 	/usr/lib/liblzma.5.dylib
0x0000000183a0e000 	/System/Library/Frameworks/SystemConfiguration.framework/Versions/A/SystemConfiguration
0x000000018c949000 	/usr/lib/libfakelink.dylib
0x000000018725c000 	/System/Library/Frameworks/CFNetwork.framework/Versions/A/CFNetwork
0x000000018ca93000 	/usr/lib/libarchive.2.dylib
0x0000000183a96000 	/usr/lib/libCRFSuite.dylib
0x000000018c17e000 	/usr/lib/libbsm.0.dylib
0x0000000186b13000 	/usr/lib/libnetwork.dylib
0x000000018c94e000 	/usr/lib/libpcap.A.dylib
0x0000000188caf000 	/usr/lib/libdns_services.dylib
0x000000018d11a000 	/usr/lib/libcoretls_cfhelpers.dylib
0x000000018cb9c000 	/usr/lib/libapple_nghttp2.dylib
0x000000018c8e8000 	/usr/lib/system/libkxld.dylib
0x0000000188940000 	/usr/lib/libsqlite3.dylib
0x000000018c69a000 	/System/Library/PrivateFrameworks/AppleFSCompression.framework/Versions/A/AppleFSCompression
0x000000018c167000 	/usr/lib/libcoretls.dylib
0x000000018cbc8000 	/usr/lib/libpam.2.dylib
0x000000018d201000 	/usr/lib/libxar.1.dylib
0x000000018b79a000 	/System/Library/PrivateFrameworks/AppleSystemInfo.framework/Versions/A/AppleSystemInfo
0x000000018bdb7000 	/System/Library/PrivateFrameworks/IOMobileFramebuffer.framework/Versions/A/IOMobileFramebuffer
0x000000018c6aa000 	/usr/lib/libbz2.1.0.dylib
0x000000018c98a000 	/usr/lib/libiconv.2.dylib
0x000000018c8e1000 	/usr/lib/libcharset.1.dylib
0x0000000189779000 	/System/Library/Frameworks/CoreServices.framework/Versions/A/Frameworks/FSEvents.framework/Versions/A/FSEvents
0x00000001852d0000 	/System/Library/Frameworks/CoreServices.framework/Versions/A/Frameworks/CarbonCore.framework/Versions/A/CarbonCore
0x0000000188e9d000 	/System/Library/Frameworks/CoreServices.framework/Versions/A/Frameworks/Metadata.framework/Versions/A/Metadata
0x000000018c6bc000 	/System/Library/Frameworks/CoreServices.framework/Versions/A/Frameworks/OSServices.framework/Versions/A/OSServices
0x000000018cb04000 	/System/Library/Frameworks/CoreServices.framework/Versions/A/Frameworks/SearchKit.framework/Versions/A/SearchKit
0x0000000188c3b000 	/System/Library/Frameworks/CoreServices.framework/Versions/A/Frameworks/AE.framework/Versions/A/AE
0x00000001833e1000 	/System/Library/Frameworks/CoreServices.framework/Versions/A/Frameworks/LaunchServices.framework/Versions/A/LaunchServices
0x000000018d0ae000 	/System/Library/Frameworks/CoreServices.framework/Versions/A/Frameworks/DictionaryServices.framework/Versions/A/DictionaryServices
0x0000000189786000 	/System/Library/Frameworks/CoreServices.framework/Versions/A/Frameworks/SharedFileList.framework/Versions/A/SharedFileList
0x000000018c157000 	/usr/lib/libCheckFix.dylib
0x0000000187762000 	/System/Library/PrivateFrameworks/TCC.framework/Versions/A/TCC
0x000000018b7a0000 	/System/Library/PrivateFrameworks/CoreNLP.framework/Versions/A/CoreNLP
0x0000000188e51000 	/System/Library/PrivateFrameworks/MetadataUtilities.framework/Versions/A/MetadataUtilities
0x0000000183aca000 	/usr/lib/libmecabra.dylib
0x000000018c43d000 	/System/Library/Frameworks/MLCompute.framework/Versions/A/MLCompute
0x000000018c18f000 	/usr/lib/libmecab.dylib
0x000000018c1d5000 	/usr/lib/libgermantok.dylib
0x000000018cb75000 	/usr/lib/libThaiTokenizer.dylib
0x000000018d23d000 	/usr/lib/libChineseTokenizer.dylib
0x000000018cbc6000 	/System/Library/Frameworks/MetalPerformanceShaders.framework/Versions/A/MetalPerformanceShaders
0x0000000188f3e000 	/System/Library/Frameworks/Accelerate.framework/Versions/A/Frameworks/vImage.framework/Versions/A/vImage
0x00000001922e9000 	/System/Library/Frameworks/Accelerate.framework/Versions/A/Frameworks/vecLib.framework/Versions/A/vecLib
0x000000018d248000 	/System/Library/Frameworks/Accelerate.framework/Versions/A/Frameworks/vecLib.framework/Versions/A/libvMisc.dylib
0x000000018bcf5000 	/System/Library/Frameworks/Accelerate.framework/Versions/A/Frameworks/vecLib.framework/Versions/A/libvDSP.dylib
0x00000001836f4000 	/System/Library/Frameworks/Accelerate.framework/Versions/A/Frameworks/vecLib.framework/Versions/A/libBLAS.dylib
0x000000018cbf1000 	/System/Library/Frameworks/Accelerate.framework/Versions/A/Frameworks/vecLib.framework/Versions/A/libLAPACK.dylib
0x000000018c1da000 	/System/Library/Frameworks/Accelerate.framework/Versions/A/Frameworks/vecLib.framework/Versions/A/libLinearAlgebra.dylib
0x000000018cbb3000 	/System/Library/Frameworks/Accelerate.framework/Versions/A/Frameworks/vecLib.framework/Versions/A/libSparseBLAS.dylib
0x000000018cbec000 	/System/Library/Frameworks/Accelerate.framework/Versions/A/Frameworks/vecLib.framework/Versions/A/libQuadrature.dylib
0x000000018b836000 	/System/Library/Frameworks/Accelerate.framework/Versions/A/Frameworks/vecLib.framework/Versions/A/libBNNS.dylib
0x00000001839aa000 	/System/Library/Frameworks/Accelerate.framework/Versions/A/Frameworks/vecLib.framework/Versions/A/libSparse.dylib
0x000000018b729000 	/System/Library/Frameworks/MetalPerformanceShaders.framework/Versions/A/Frameworks/MPSCore.framework/Versions/A/MPSCore
0x000000018c612000 	/System/Library/Frameworks/MetalPerformanceShaders.framework/Versions/A/Frameworks/MPSImage.framework/Versions/A/MPSImage
0x000000018c1ef000 	/System/Library/Frameworks/MetalPerformanceShaders.framework/Versions/A/Frameworks/MPSNeuralNetwork.framework/Versions/A/MPSNeuralNetwork
0x000000018c590000 	/System/Library/Frameworks/MetalPerformanceShaders.framework/Versions/A/Frameworks/MPSMatrix.framework/Versions/A/MPSMatrix
0x000000018c3f3000 	/System/Library/Frameworks/MetalPerformanceShaders.framework/Versions/A/Frameworks/MPSRayIntersector.framework/Versions/A/MPSRayIntersector
0x000000018c5bf000 	/System/Library/Frameworks/MetalPerformanceShaders.framework/Versions/A/Frameworks/MPSNDArray.framework/Versions/A/MPSNDArray
0x000000018361a000 	/System/Library/PrivateFrameworks/MetalTools.framework/Versions/A/MetalTools
0x000000018b798000 	/System/Library/PrivateFrameworks/AggregateDictionary.framework/Versions/A/AggregateDictionary
0x0000000188e1b000 	/System/Library/PrivateFrameworks/CoreAnalytics.framework/Versions/A/CoreAnalytics
0x000000018cb77000 	/System/Library/PrivateFrameworks/AppleSauce.framework/Versions/A/AppleSauce
0x000000018ab35000 	/System/Library/PrivateFrameworks/IOAccelerator.framework/Versions/A/IOAccelerator
0x00000001c4e9f000 	/System/Library/Frameworks/OpenGL.framework/Versions/A/Libraries/libCoreFSCache.dylib
0x0000000184086000 	/System/Library/PrivateFrameworks/LanguageModeling.framework/Versions/A/LanguageModeling
0x000000018bda4000 	/System/Library/PrivateFrameworks/CoreEmoji.framework/Versions/A/CoreEmoji
0x000000018b82e000 	/System/Library/PrivateFrameworks/LinguisticData.framework/Versions/A/LinguisticData
0x000000018395f000 	/System/Library/PrivateFrameworks/Lexicon.framework/Versions/A/Lexicon
0x000000018ca80000 	/usr/lib/libcmph.dylib
0x0000000189759000 	/System/Library/Frameworks/OpenDirectory.framework/Versions/A/Frameworks/CFOpenDirectory.framework/Versions/A/CFOpenDirectory
0x000000018974b000 	/System/Library/Frameworks/OpenDirectory.framework/Versions/A/OpenDirectory
0x000000018d11c000 	/System/Library/PrivateFrameworks/APFS.framework/Versions/A/APFS
0x000000018c0c0000 	/System/Library/Frameworks/SecurityFoundation.framework/Versions/A/SecurityFoundation
0x000000018d20f000 	/usr/lib/libutil.dylib
0x0000000185600000 	/System/Library/PrivateFrameworks/CoreServicesStore.framework/Versions/A/CoreServicesStore
0x000000018c14e000 	/System/Library/Frameworks/ServiceManagement.framework/Versions/A/ServiceManagement
0x000000018d213000 	/usr/lib/libxslt.1.dylib
0x000000018c144000 	/System/Library/PrivateFrameworks/BackgroundTaskManagement.framework/Versions/A/BackgroundTaskManagement
0x000000018e0f9000 	/System/Library/Frameworks/ImageIO.framework/Versions/A/Resources/libRadiance.dylib
0x000000018e102000 	/System/Library/Frameworks/ImageIO.framework/Versions/A/Resources/libJPEG.dylib
0x000000018e051000 	/System/Library/Frameworks/ImageIO.framework/Versions/A/Resources/libPng.dylib
0x000000018e078000 	/System/Library/Frameworks/ImageIO.framework/Versions/A/Resources/libTIFF.dylib
0x000000018e153000 	/System/Library/Frameworks/ImageIO.framework/Versions/A/Resources/libGIF.dylib
0x000000018ddce000 	/System/Library/Frameworks/ImageIO.framework/Versions/A/Resources/libJP2.dylib
0x000000018d525000 	/usr/lib/libexpat.1.dylib
0x000000018dd8a000 	/System/Library/PrivateFrameworks/AppleJPEG.framework/Versions/A/AppleJPEG
0x000000018ad46000 	/System/Library/PrivateFrameworks/FontServices.framework/libFontParser.dylib
0x0000000188bed000 	/System/Library/PrivateFrameworks/RunningBoardServices.framework/Versions/A/RunningBoardServices
0x00000001972da000 	/System/Library/PrivateFrameworks/IOSurfaceAccelerator.framework/Versions/A/IOSurfaceAccelerator
0x000000018deb0000 	/System/Library/PrivateFrameworks/WatchdogClient.framework/Versions/A/WatchdogClient
0x0000000184176000 	/System/Library/Frameworks/CoreDisplay.framework/Versions/A/CoreDisplay
0x000000018ac4e000 	/System/Library/Frameworks/CoreMedia.framework/Versions/A/CoreMedia
0x00000001898dd000 	/System/Library/Frameworks/CoreVideo.framework/Versions/A/CoreVideo
0x000000018deed000 	/System/Library/Frameworks/VideoToolbox.framework/Versions/A/VideoToolbox
0x0000000188b6a000 	/System/Library/PrivateFrameworks/BaseBoard.framework/Versions/A/BaseBoard
0x000000018d662000 	/System/Library/PrivateFrameworks/PersistentConnection.framework/Versions/A/PersistentConnection
0x0000000188929000 	/System/Library/PrivateFrameworks/ProtocolBuffer.framework/Versions/A/ProtocolBuffer
0x0000000188b53000 	/System/Library/PrivateFrameworks/CommonUtilities.framework/Versions/A/CommonUtilities
0x000000018dd4f000 	/System/Library/PrivateFrameworks/Bom.framework/Versions/A/Bom
0x000000018e0f4000 	/System/Library/PrivateFrameworks/GPUWrangler.framework/Versions/A/GPUWrangler
0x000000018e0d5000 	/System/Library/PrivateFrameworks/IOPresentment.framework/Versions/A/IOPresentment
0x000000018e0fc000 	/System/Library/PrivateFrameworks/DSExternalDisplay.framework/Versions/A/DSExternalDisplay
0x000000018e158000 	/System/Library/PrivateFrameworks/CMCaptureCore.framework/Versions/A/CMCaptureCore
0x000000018daea000 	/System/Library/PrivateFrameworks/AppServerSupport.framework/Versions/A/AppServerSupport
0x000000018fb22000 	/System/Library/PrivateFrameworks/perfdata.framework/Versions/A/perfdata
0x000000018c0b0000 	/System/Library/PrivateFrameworks/AssertionServices.framework/Versions/A/AssertionServices
0x0000000184299000 	/System/Library/PrivateFrameworks/AudioToolboxCore.framework/Versions/A/AudioToolboxCore
0x000000018ac2e000 	/System/Library/PrivateFrameworks/caulk.framework/Versions/A/caulk
0x000000019e8f0000 	/System/Library/PrivateFrameworks/SystemPolicy.framework/Versions/A/SystemPolicy
0x000000018d34a000 	/usr/lib/libIOReport.dylib
0x000000018f3be000 	/usr/lib/libSMC.dylib
0x000000018e01e000 	/usr/lib/libAudioToolboxUtility.dylib
0x000000019f275000 	/usr/lib/libmis.dylib
0x00000001c4f01000 	/System/Library/Frameworks/OpenGL.framework/Versions/A/Libraries/libGLU.dylib
0x00000001c4ebf000 	/System/Library/Frameworks/OpenGL.framework/Versions/A/Libraries/libGFXShared.dylib
0x00000001c50a7000 	/System/Library/Frameworks/OpenGL.framework/Versions/A/Libraries/libGL.dylib
0x00000001c4ec8000 	/System/Library/Frameworks/OpenGL.framework/Versions/A/Libraries/libGLImage.dylib
0x00000001c4ebc000 	/System/Library/Frameworks/OpenGL.framework/Versions/A/Libraries/libCVMSPluginSupport.dylib
0x00000001c4ea6000 	/System/Library/Frameworks/OpenGL.framework/Versions/A/Libraries/libCoreVMClient.dylib
0x0000000195e1e000 	/System/Library/PrivateFrameworks/ASEProcessing.framework/Versions/A/ASEProcessing
0x000000018d689000 	/System/Library/PrivateFrameworks/GraphVisualizer.framework/Versions/A/GraphVisualizer
0x000000018d697000 	/System/Library/PrivateFrameworks/FaceCore.framework/Versions/A/FaceCore
0x000000018daaa000 	/System/Library/PrivateFrameworks/OTSVG.framework/Versions/A/OTSVG
0x0000000189506000 	/System/Library/Frameworks/ApplicationServices.framework/Versions/A/Frameworks/ATS.framework/Versions/A/Resources/libFontRegistry.dylib
0x000000018daf2000 	/System/Library/PrivateFrameworks/FontServices.framework/libhvf.dylib
0x00000001c5242000 	/System/Library/Frameworks/OpenCL.framework/Versions/A/OpenCL
0x000000018d4d9000 	/System/Library/PrivateFrameworks/AppleVA.framework/Versions/A/AppleVA
0x000000018f20a000 	/System/Library/Frameworks/ApplicationServices.framework/Versions/A/Frameworks/ATS.framework/Versions/A/ATS
0x000000018f51d000 	/System/Library/Frameworks/ApplicationServices.framework/Versions/A/Frameworks/ColorSyncLegacy.framework/Versions/A/ColorSyncLegacy
0x00000001881cb000 	/System/Library/Frameworks/ApplicationServices.framework/Versions/A/Frameworks/HIServices.framework/Versions/A/HIServices
0x000000018f4fc000 	/System/Library/Frameworks/ApplicationServices.framework/Versions/A/Frameworks/LangAnalysis.framework/Versions/A/LangAnalysis
0x000000018e162000 	/System/Library/Frameworks/ApplicationServices.framework/Versions/A/Frameworks/PrintCore.framework/Versions/A/PrintCore
0x000000018f525000 	/System/Library/Frameworks/ApplicationServices.framework/Versions/A/Frameworks/QD.framework/Versions/A/QD
0x000000018f1f6000 	/System/Library/Frameworks/ApplicationServices.framework/Versions/A/Frameworks/SpeechSynthesis.framework/Versions/A/SpeechSynthesis
0x000000018e123000 	/System/Library/Frameworks/ApplicationServices.framework/Versions/A/Frameworks/ATSUI.framework/Versions/A/ATSUI
0x000000018f49e000 	/usr/lib/libcups.2.dylib
0x000000018f510000 	/System/Library/PrivateFrameworks/NetAuth.framework/Versions/A/NetAuth
0x000000018fb3c000 	/System/Library/Frameworks/Kerberos.framework/Versions/A/Kerberos
0x000000018fb4d000 	/System/Library/Frameworks/GSS.framework/Versions/A/GSS
0x000000018f279000 	/usr/lib/libresolv.9.dylib
0x000000018db08000 	/System/Library/PrivateFrameworks/Heimdal.framework/Versions/A/Heimdal
0x0000000195409000 	/System/Library/Frameworks/Kerberos.framework/Versions/A/Libraries/libHeimdalProxy.dylib
0x0000000188cbf000 	/System/Library/Frameworks/Network.framework/Versions/A/Network
0x000000018d53f000 	/usr/lib/libheimdal-asn1.dylib
0x000000018fb95000 	/System/Library/PrivateFrameworks/CommonAuth.framework/Versions/A/CommonAuth
0x0000000189931000 	/System/Library/PrivateFrameworks/login.framework/Versions/A/Frameworks/loginsupport.framework/Versions/A/loginsupport
0x000000018f17b000 	/System/Library/PrivateFrameworks/AudioSession.framework/Versions/A/AudioSession
0x000000018f1e3000 	/usr/lib/libAudioStatistics.dylib
0x000000018d5bf000 	/System/Library/PrivateFrameworks/MediaExperience.framework/Versions/A/MediaExperience
0x000000018f01c000 	/System/Library/PrivateFrameworks/AudioSession.framework/libSessionUtility.dylib
0x000000018fb2e000 	/usr/lib/libperfcheck.dylib
0x000000018f531000 	/System/Library/PrivateFrameworks/AudioResourceArbitration.framework/Versions/A/AudioResourceArbitration
0x000000018d548000 	/System/Library/PrivateFrameworks/IconFoundation.framework/Versions/A/IconFoundation
0x0000000191fd0000 	/System/Library/PrivateFrameworks/SpeechRecognitionCore.framework/Versions/A/SpeechRecognitionCore
0x00000001b937d000 	/System/Library/CoreServices/Encodings/libJapaneseConverter.dylib
0x0000000108800000 	/opt/homebrew/Cellar/openjdk/15.0.2/libexec/openjdk.jdk/Contents/Home/lib/server/libjvm.dylib
0x000000010416c000 	/opt/homebrew/Cellar/openjdk/15.0.2/libexec/openjdk.jdk/Contents/Home/lib/libjimage.dylib
0x00000001041d0000 	/opt/homebrew/Cellar/openjdk/15.0.2/libexec/openjdk.jdk/Contents/Home/lib/libjava.dylib
0x000000010456c000 	/opt/homebrew/Cellar/openjdk/15.0.2/libexec/openjdk.jdk/Contents/Home/lib/libnio.dylib
0x000000010458c000 	/opt/homebrew/Cellar/openjdk/15.0.2/libexec/openjdk.jdk/Contents/Home/lib/libnet.dylib
0x00000001045b0000 	/opt/homebrew/Cellar/openjdk/15.0.2/libexec/openjdk.jdk/Contents/Home/lib/libzip.dylib


VM Arguments:
java_command: /Users/ykmac/.vscode/extensions/salesforce.salesforce-vscode-slds-1.4.8/lsp-0.0.13-executable.jar --PORT=52219
java_class_path (initial): /Users/ykmac/.vscode/extensions/salesforce.salesforce-vscode-slds-1.4.8/lsp-0.0.13-executable.jar
Launcher Type: SUN_STANDARD

[Global flags]
     intx CICompilerCount                          = 4                                         {product} {ergonomic}
     uint ConcGCThreads                            = 2                                         {product} {ergonomic}
     uint G1ConcRefinementThreads                  = 8                                         {product} {ergonomic}
   size_t G1HeapRegionSize                         = 1048576                                   {product} {ergonomic}
    uintx GCDrainStackTargetSize                   = 64                                        {product} {ergonomic}
   size_t InitialHeapSize                          = 134217728                                 {product} {ergonomic}
   size_t MarkStackSize                            = 4194304                                   {product} {ergonomic}
   size_t MaxHeapSize                              = 2147483648                                {product} {ergonomic}
   size_t MaxNewSize                               = 1287651328                                {product} {ergonomic}
   size_t MinHeapDeltaBytes                        = 1048576                                   {product} {ergonomic}
   size_t MinHeapSize                              = 8388608                                   {product} {ergonomic}
    uintx NonNMethodCodeHeapSize                   = 5839564                                {pd product} {ergonomic}
    uintx NonProfiledCodeHeapSize                  = 122909338                              {pd product} {ergonomic}
    uintx ProfiledCodeHeapSize                     = 122909338                              {pd product} {ergonomic}
    uintx ReservedCodeCacheSize                    = 251658240                              {pd product} {ergonomic}
     bool SegmentedCodeCache                       = true                                      {product} {ergonomic}
   size_t SoftMaxHeapSize                          = 2147483648                             {manageable} {ergonomic}
     bool UseCompressedClassPointers               = true                           {product lp64_product} {ergonomic}
     bool UseCompressedOops                        = true                           {product lp64_product} {ergonomic}
     bool UseG1GC                                  = true                                      {product} {ergonomic}
     bool UseNUMA                                  = false                                     {product} {ergonomic}
     bool UseNUMAInterleaving                      = false                                     {product} {ergonomic}

Logging:
Log output configuration:
 #0: stdout all=warning uptime,level,tags
 #1: stderr all=off uptime,level,tags

Environment Variables:
PATH=/Users/ykmac/opt/anaconda3/bin:/Users/ykmac/opt/anaconda3/condabin:/opt/homebrew/bin:/opt/homebrew/sbin:/usr/local/bin:/usr/bin:/bin:/usr/sbin:/sbin:/opt/homebrew/bin
SHELL=/bin/zsh

Signal Handlers:
SIGSEGV: [libjvm.dylib+0x9b5050], sa_mask[0]=11100110000111110111111111111111, sa_flags=SA_ONSTACK|SA_RESTART|SA_SIGINFO
SIGBUS: [libjvm.dylib+0x9b5050], sa_mask[0]=11100110000111110111111111111111, sa_flags=SA_RESTART|SA_SIGINFO
SIGFPE: [libjvm.dylib+0x9b5050], sa_mask[0]=11100110000111110111111111111111, sa_flags=SA_RESTART|SA_SIGINFO
SIGPIPE: [libjvm.dylib+0x89b5ec], sa_mask[0]=11100110000111110111111111111111, sa_flags=SA_RESTART|SA_SIGINFO
SIGXFSZ: [libjvm.dylib+0x89b5ec], sa_mask[0]=11100110000111110111111111111111, sa_flags=SA_RESTART|SA_SIGINFO
SIGILL: [libjvm.dylib+0x9b5050], sa_mask[0]=11100110000111110111111111111111, sa_flags=SA_RESTART|SA_SIGINFO
SIGUSR2: [libjvm.dylib+0x89c018], sa_mask[0]=00000000000000000000000000000000, sa_flags=SA_RESTART|SA_SIGINFO
SIGHUP: [libjvm.dylib+0x89a694], sa_mask[0]=11100110000111110111111111111111, sa_flags=SA_RESTART|SA_SIGINFO
SIGINT: [libjvm.dylib+0x89a694], sa_mask[0]=11100110000111110111111111111111, sa_flags=SA_RESTART|SA_SIGINFO
SIGTERM: [libjvm.dylib+0x89a694], sa_mask[0]=11100110000111110111111111111111, sa_flags=SA_RESTART|SA_SIGINFO
SIGQUIT: [libjvm.dylib+0x89a694], sa_mask[0]=11100110000111110111111111111111, sa_flags=SA_RESTART|SA_SIGINFO


---------------  S Y S T E M  ---------------

OS:uname: Darwin 20.5.0 Darwin Kernel Version 20.5.0: Sat May  8 05:10:31 PDT 2021; root:xnu-7195.121.3~9/RELEASE_ARM64_T8101 arm64
OS uptime: 0 days 3:10 hours
rlimit (soft/hard): STACK 8176k/65520k , CORE 0k/infinity , NPROC 1333/2000 , NOFILE 10240/infinity , AS infinity/infinity , CPU infinity/infinity , DATA infinity/infinity , FSIZE infinity/infinity , MEMLOCK infinity/infinity , RSS infinity/infinity
load average: 2.15 1.72 1.57

CPU: total 8 (initial active 8) 0x61:0x0:0x1b588bb3:0, simd, crc, lse

Memory: 16k page, physical 8388608k(180112k free), swap 2097152k(939776k free)

vm_info: OpenJDK 64-Bit Server VM (16+14) for bsd-aarch64 JRE (16+14), built on Mar  1 2021 20:26:25 by "brew" with clang Apple LLVM 12.0.0 (clang-1200.0.32.29)

END.
